e:\griefer\griefplusplus\griefplusplus\release\griefplusplus.dll
e:\griefer\griefplusplus\griefplusplus\release\griefplusplus.pdb
e:\griefer\griefplusplus\griefplusplus\release\griefplusplus.lib
e:\griefer\griefplusplus\griefplusplus\release\griefplusplus.exp
e:\griefer\griefplusplus\griefplusplus\release\vc120.pdb
e:\griefer\griefplusplus\griefplusplus\release\sio_socket.obj
e:\griefer\griefplusplus\griefplusplus\release\sio_client.obj
e:\griefer\griefplusplus\griefplusplus\release\receivers.obj
e:\griefer\griefplusplus\griefplusplus\release\sio_packet.obj
e:\griefer\griefplusplus\griefplusplus\release\sio_client_impl.obj
e:\griefer\griefplusplus\griefplusplus\release\helpers.obj
e:\griefer\griefplusplus\griefplusplus\release\gm_transmitters.obj
e:\griefer\griefplusplus\griefplusplus\release\gm_readers.obj
e:\griefer\griefplusplus\griefplusplus\release\event_bindings.obj
e:\griefer\griefplusplus\griefplusplus\release\main.obj
e:\griefer\griefplusplus\griefplusplus\release\griefplusplus.tlog\cl.command.1.tlog
e:\griefer\griefplusplus\griefplusplus\release\griefplusplus.tlog\cl.read.1.tlog
e:\griefer\griefplusplus\griefplusplus\release\griefplusplus.tlog\link.command.1.tlog
e:\griefer\griefplusplus\griefplusplus\release\griefplusplus.tlog\link.write.1.tlog
e:\griefer\griefplusplus\griefplusplus\release\griefplusplus.tlog\link.read.1.tlog
e:\griefer\griefplusplus\griefplusplus\release\griefplusplus.tlog\griefplusplus.write.1u.tlog
e:\griefer\griefplusplus\griefplusplus\release\griefplusplus.tlog\cl.write.1.tlog
