warning: rankPlayers -- bad player name: blah
warning: rankPlayers -- bad player name: blals
warning: rankPlayers -- bad player name: blals
warning: rankPlayers -- bad player name: tit
warning: rankPlayers -- bad player name: tit
warning: rankPlayers -- bad player name: tit
warning: rankPlayers -- bad player name: tit
warning: rankPlayers -- bad player name: tit
warning: rankPlayers -- bad player name: tit
warning: rankPlayers -- bad player name: tit
warning: rankPlayers -- bad player name: tit
warning: rankPlayers -- bad player name: tit
warning: rankPlayers -- bad player name: blah
warning: rankPlayers -- bad player name: blah
warning: rankPlayers -- bad player name: blah
warning: rankPlayers -- bad player name: kyle
warning: rankPlayers -- bad player name: kyle
warning: rankPlayers -- bad player name: kyle
warning: rankPlayers -- bad player name: kyle
warning: rankPlayers -- bad player name: kyle
warning: rankPlayers -- bad player name: kyle
warning: rankPlayers -- bad player name: kyle
warning: rankPlayers -- bad player name: kyle
warning: rankPlayers -- bad player name: kyle
warning: rankPlayers -- bad player name: kyle
warning: rankPlayers -- bad player name: kyle
warning: rankPlayers -- bad player name: kyle
warning: rankPlayers -- bad player name: kyle
warning: rankPlayers -- bad player name: kyle
warning: rankPlayers -- bad player name: kyle
warning: rankPlayers -- bad player name: kyle
warning: rankPlayers -- bad player name: kyle
warning: rankPlayers -- bad player name: kyle
warning: rankPlayers -- bad player name: kyle
warning: rankPlayers -- bad player name: kyle
warning: rankPlayers -- bad player name: kyle
warning: rankPlayers -- bad player name: kyle
warning: rankPlayers -- bad player name: kyle
warning: rankPlayers -- bad player name: kyle
warning: rankPlayers -- bad player name: kyle
warning: rankPlayers -- bad player name: kyle
warning: rankPlayers -- bad player name: kyle
warning: rankPlayers -- bad player name: kyle
warning: rankPlayers -- bad player name: kyle
warning: rankPlayers -- bad player name: kyle
warning: rankPlayers -- bad player name: kyle
warning: rankPlayers -- bad player name: kyle
warning: rankPlayers -- bad player name: kyle
warning: rankPlayers -- bad player name: kyle
warning: rankPlayers -- bad player name: kyle
warning: rankPlayers -- bad player name: kyle
warning: rankPlayers -- bad player name: kyle
warning: rankPlayers -- bad player name: kyle
warning: rankPlayers -- bad player name: kyle
warning: rankPlayers -- bad player name: kyle
warning: rankPlayers -- bad player name: kyle
warning: rankPlayers -- bad player name: kyle
warning: rankPlayers -- bad player name: kyle
warning: rankPlayers -- bad player name: kyle
warning: rankPlayers -- bad player name: kyle
warning: rankPlayers -- bad player name: kyle
warning: rankPlayers -- bad player name: kyle
warning: rankPlayers -- bad player name: kyle
warning: rankPlayers -- bad player name: kyle
warning: rankPlayers -- bad player name: kyle
warning: rankPlayers -- bad player name: kyle
warning: rankPlayers -- bad player name: blah
warning: rankPlayers -- bad player name: blah
warning: rankPlayers -- bad player name: blah
warning: rankPlayers -- bad player name: blah
warning: rankPlayers -- bad player name: blah
warning: rankPlayers -- bad player name: blah
warning: rankPlayers -- bad player name: kyle
warning: rankPlayers -- bad player name: kyle
warning: rankPlayers -- bad player name: kyle
warning: rankPlayers -- bad player name: butt
warning: rankPlayers -- bad player name: butt
warning: rankPlayers -- bad player name: butt
warning: rankPlayers -- bad player name: butt
warning: rankPlayers -- bad player name: butt
warning: rankPlayers -- bad player name: butt
warning: rankPlayers -- bad player name: butt
warning: rankPlayers -- bad player name: butt
warning: rankPlayers -- bad player name: blah
warning: rankPlayers -- bad player name: blah
warning: rankPlayers -- bad player name: blah
warning: rankPlayers -- bad player name: blah
warning: rankPlayers -- bad player name: blah
warning: rankPlayers -- bad player name: blah
warning: rankPlayers -- bad player name: blah
warning: rankPlayers -- bad player name: blah
warning: rankPlayers -- bad player name: zzzzzzzzzzzzzzzzzdd
warning: rankPlayers -- bad player name: zzzzzzzzzzzzzzzzzdd
warning: rankPlayers -- bad player name: zzzzzzzzzzzzzzzzzdd
warning: rankPlayers -- bad player name: zzzzzzzzzzzzzzzzzdd
warning: rankPlayers -- bad player name: zzzzzzzzzzzzzzzzzdd
warning: rankPlayers -- bad player name: balls on the face
warning: rankPlayers -- bad player name: balls on the face
warning: rankPlayers -- bad player name: balls on the face
warning: rankPlayers -- bad player name: balls on the face
warning: rankPlayers -- bad player name: balls on the face
warning: rankPlayers -- bad player name: balls on the face
warning: rankPlayers -- bad player name: balls on the face
warning: rankPlayers -- bad player name: balls on the face
warning: rankPlayers -- bad player name: balls on the face
warning: rankPlayers -- bad player name: balls on the face
warning: rankPlayers -- bad player name: balls on the face
warning: rankPlayers -- bad player name: balls on the face
warning: rankPlayers -- bad player name: balls on the face
warning: rankPlayers -- bad player name: balls on the face
warning: rankPlayers -- bad player name: balls on the face
warning: rankPlayers -- bad player name: balls on the face
warning: rankPlayers -- bad player name: balls on the face
warning: rankPlayers -- bad player name: balls on the face
warning: rankPlayers -- bad player name: balls on the face
warning: rankPlayers -- bad player name: balls on the face
warning: rankPlayers -- bad player name: balls on the face
warning: rankPlayers -- bad player name: balls on the face
warning: rankPlayers -- bad player name: balls on the face
warning: rankPlayers -- bad player name: balls on the face
warning: rankPlayers -- bad player name: blah
warning: rankPlayers -- bad player name: blah
warning: rankPlayers -- bad player name: blah
warning: rankPlayers -- bad player name: blah
warning: rankPlayers -- bad player name: blah
warning: rankPlayers -- bad player name: blah
warning: rankPlayers -- bad player name: blah
warning: rankPlayers -- bad player name: blah
warning: rankPlayers -- bad player name: blah
warning: rankPlayers -- bad player name: blah
warning: rankPlayers -- bad player name: blah
warning: rankPlayers -- bad player name: blah
warning: rankPlayers -- bad player name: kyle
warning: rankPlayers -- bad player name: kyle
warning: rankPlayers -- bad player name: kyle
warning: rankPlayers -- bad player name: kyle
warning: rankPlayers -- bad player name: kyle
warning: rankPlayers -- bad player name: kyle
warning: rankPlayers -- bad player name: kyle
warning: rankPlayers -- bad player name: kyle
warning: rankPlayers -- bad player name: kyle
warning: rankPlayers -- bad player name: kyle
warning: rankPlayers -- bad player name: kyle
warning: rankPlayers -- bad player name: kyle
warning: rankPlayers -- bad player name: kyle
warning: rankPlayers -- bad player name: kyle
warning: rankPlayers -- bad player name: kyle
warning: rankPlayers -- bad player name: kyle
warning: rankPlayers -- bad player name: kyle
warning: rankPlayers -- bad player name: kyle
warning: rankPlayers -- bad player name: kyle
warning: rankPlayers -- bad player name: kyle
warning: rankPlayers -- bad player name: kyle
warning: rankPlayers -- bad player name: kyle
warning: rankPlayers -- bad player name: kyle
warning: rankPlayers -- bad player name: kyle
warning: rankPlayers -- bad player name: blah
warning: rankPlayers -- bad player name: blah
warning: rankPlayers -- bad player name: blah
warning: rankPlayers -- bad player name: blah
warning: rankPlayers -- bad player name: blah
warning: rankPlayers -- bad player name: blah
warning: rankPlayers -- bad player name: blah
warning: rankPlayers -- bad player name: blah
warning: rankPlayers -- bad player name: blah
warning: rankPlayers -- bad player name: blah
warning: rankPlayers -- bad player name: blah
warning: rankPlayers -- bad player name: blah
warning: rankPlayers -- bad player name: blah
warning: rankPlayers -- bad player name: blah
warning: rankPlayers -- bad player name: blah
warning: rankPlayers -- bad player name: blah
warning: rankPlayers -- bad player name: blah
warning: rankPlayers -- bad player name: blah
