SYNCHRONIZING PLAYERS CONNECTED
SYNCHRONIZING PLAYERS CONNECTED
SYNCHRONIZING PLAYERS CONNECTED
SYNCHRONIZING PLAYERS CONNECTED
SYNCHRONIZING PLAYERS CONNECTED
SYNCHRONIZING PLAYERS CONNECTED
SYNCHRONIZING PLAYERS CONNECTED
SYNCHRONIZING PLAYERS CONNECTED
SYNCHRONIZING PLAYERS CONNECTED
SYNCHRONIZING PLAYERS CONNECTED
SYNCHRONIZING PLAYERS CONNECTED
SYNCHRONIZING PLAYERS CONNECTED
SYNCHRONIZING PLAYERS CONNECTED
SYNCHRONIZING PLAYERS CONNECTED
SYNCHRONIZING PLAYERS CONNECTED
SYNCHRONIZING PLAYERS CONNECTED
SYNCHRONIZING PLAYERS CONNECTED
SYNCHRONIZING PLAYERS CONNECTED
SYNCHRONIZING PLAYERS CONNECTED
SYNCHRONIZING PLAYERS CONNECTED
SYNCHRONIZING PLAYERS CONNECTED
SYNCHRONIZING PLAYERS CONNECTED
SYNCHRONIZING PLAYERS CONNECTED
SYNCHRONIZING PLAYERS CONNECTED
SYNCHRONIZING PLAYERS CONNECTED
SYNCHRONIZING PLAYERS CONNECTED
SYNCHRONIZING PLAYERS CONNECTED
SYNCHRONIZING PLAYERS CONNECTED
SYNCHRONIZING PLAYERS CONNECTED
SYNCHRONIZING PLAYERS CONNECTED
SYNCHRONIZING PLAYERS CONNECTED
SYNCHRONIZING PLAYERS CONNECTED
SYNCHRONIZING PLAYERS CONNECTED
SYNCHRONIZING PLAYERS CONNECTED
SYNCHRONIZING PLAYERS CONNECTED
SYNCHRONIZING PLAYERS CONNECTED
SYNCHRONIZING PLAYERS CONNECTED
SYNCHRONIZING PLAYERS CONNECTED
SYNCHRONIZING PLAYERS CONNECTED
SYNCHRONIZING PLAYERS CONNECTED
SYNCHRONIZING PLAYERS CONNECTED
SYNCHRONIZING PLAYERS CONNECTED
SYNCHRONIZING PLAYERS CONNECTED
SYNCHRONIZING PLAYERS CONNECTED
SYNCHRONIZING PLAYERS CONNECTED
SYNCHRONIZING PLAYERS CONNECTED
SYNCHRONIZING PLAYERS CONNECTED
SYNCHRONIZING PLAYERS CONNECTED
SYNCHRONIZING PLAYERS CONNECTED
SYNCHRONIZING PLAYERS CONNECTED
SYNCHRONIZING PLAYERS CONNECTED
SYNCHRONIZING PLAYERS CONNECTED
SYNCHRONIZING PLAYERS CONNECTED
SYNCHRONIZING PLAYERS CONNECTED
SYNCHRONIZING PLAYERS CONNECTED
SYNCHRONIZING PLAYERS CONNECTED
SYNCHRONIZING PLAYERS CONNECTED
SYNCHRONIZING PLAYERS CONNECTED
SYNCHRONIZING PLAYERS CONNECTED
SYNCHRONIZING PLAYERS CONNECTED
SYNCHRONIZING PLAYERS CONNECTED
SYNCHRONIZING PLAYERS CONNECTED
SYNCHRONIZING PLAYERS CONNECTED
SYNCHRONIZING PLAYERS CONNECTED
SYNCHRONIZING PLAYERS CONNECTED
SYNCHRONIZING PLAYERS CONNECTED
SYNCHRONIZING PLAYERS CONNECTED
SYNCHRONIZING PLAYERS CONNECTED
SYNCHRONIZING PLAYERS CONNECTED
SYNCHRONIZING PLAYERS CONNECTED
SYNCHRONIZING PLAYERS CONNECTED
SYNCHRONIZING PLAYERS CONNECTED
SYNCHRONIZING PLAYERS CONNECTED
SYNCHRONIZING PLAYERS CONNECTED
SYNCHRONIZING PLAYERS CONNECTED
SYNCHRONIZING PLAYERS CONNECTED
SYNCHRONIZING PLAYERS CONNECTED
SYNCHRONIZING PLAYERS CONNECTED
SYNCHRONIZING PLAYERS CONNECTED
SYNCHRONIZING PLAYERS CONNECTED
SYNCHRONIZING PLAYERS CONNECTED
SYNCHRONIZING PLAYERS CONNECTED
SYNCHRONIZING PLAYERS CONNECTED
SYNCHRONIZING PLAYERS CONNECTED
SYNCHRONIZING PLAYERS CONNECTED
SYNCHRONIZING PLAYERS CONNECTED
SYNCHRONIZING PLAYERS CONNECTED
SYNCHRONIZING PLAYERS CONNECTED
SYNCHRONIZING PLAYERS CONNECTED
SYNCHRONIZING PLAYERS CONNECTED
SYNCHRONIZING PLAYERS CONNECTED
SYNCHRONIZING PLAYERS CONNECTED
SYNCHRONIZING PLAYERS CONNECTED
SYNCHRONIZING PLAYERS CONNECTED
SYNCHRONIZING PLAYERS CONNECTED
SYNCHRONIZING PLAYERS CONNECTED
SYNCHRONIZING PLAYERS CONNECTED
SYNCHRONIZING PLAYERS CONNECTED
SYNCHRONIZING PLAYERS CONNECTED
SYNCHRONIZING PLAYERS CONNECTED
SYNCHRONIZING PLAYERS CONNECTED
SYNCHRONIZING PLAYERS CONNECTED
SYNCHRONIZING PLAYERS CONNECTED
SYNCHRONIZING PLAYERS CONNECTED
SYNCHRONIZING PLAYERS CONNECTED
SYNCHRONIZING PLAYERS CONNECTED
SYNCHRONIZING PLAYERS CONNECTED
SYNCHRONIZING PLAYERS CONNECTED
SYNCHRONIZING PLAYERS CONNECTED
SYNCHRONIZING PLAYERS CONNECTED
SYNCHRONIZING PLAYERS CONNECTED
SYNCHRONIZING PLAYERS CONNECTED
SYNCHRONIZING PLAYERS CONNECTED
SYNCHRONIZING PLAYERS CONNECTED
SYNCHRONIZING PLAYERS CONNECTED
SYNCHRONIZING PLAYERS CONNECTED
SYNCHRONIZING PLAYERS CONNECTED
SYNCHRONIZING PLAYERS CONNECTED
SYNCHRONIZING PLAYERS CONNECTED
SYNCHRONIZING PLAYERS CONNECTED
SYNCHRONIZING PLAYERS CONNECTED
SYNCHRONIZING PLAYERS CONNECTED
SYNCHRONIZING PLAYERS CONNECTED
SYNCHRONIZING PLAYERS CONNECTED
SYNCHRONIZING PLAYERS CONNECTED
SYNCHRONIZING PLAYERS CONNECTED
SYNCHRONIZING PLAYERS CONNECTED
SYNCHRONIZING PLAYERS CONNECTED
SYNCHRONIZING PLAYERS CONNECTED
SYNCHRONIZING PLAYERS CONNECTED
SYNCHRONIZING PLAYERS CONNECTED
SYNCHRONIZING PLAYERS CONNECTED
SYNCHRONIZING PLAYERS CONNECTED
SYNCHRONIZING PLAYERS CONNECTED
SYNCHRONIZING PLAYERS CONNECTED
SYNCHRONIZING PLAYERS CONNECTED
SYNCHRONIZING PLAYERS CONNECTED
SYNCHRONIZING PLAYERS CONNECTED
SYNCHRONIZING PLAYERS CONNECTED
SYNCHRONIZING PLAYERS CONNECTED
SYNCHRONIZING PLAYERS CONNECTED
SYNCHRONIZING PLAYERS CONNECTED
SYNCHRONIZING PLAYERS CONNECTED
SYNCHRONIZING PLAYERS CONNECTED
SYNCHRONIZING PLAYERS CONNECTED
SYNCHRONIZING PLAYERS CONNECTED
SYNCHRONIZING PLAYERS CONNECTED
SYNCHRONIZING PLAYERS CONNECTED
SYNCHRONIZING PLAYERS CONNECTED
SYNCHRONIZING PLAYERS CONNECTED
SYNCHRONIZING PLAYERS CONNECTED
SYNCHRONIZING PLAYERS CONNECTED
SYNCHRONIZING PLAYERS CONNECTED
SYNCHRONIZING PLAYERS CONNECTED
SYNCHRONIZING PLAYERS CONNECTED
SYNCHRONIZING PLAYERS CONNECTED
SYNCHRONIZING PLAYERS CONNECTED
SYNCHRONIZING PLAYERS CONNECTED
SYNCHRONIZING PLAYERS CONNECTED
SYNCHRONIZING PLAYERS CONNECTED
SYNCHRONIZING PLAYERS CONNECTED
SYNCHRONIZING PLAYERS CONNECTED
SYNCHRONIZING PLAYERS CONNECTED
SYNCHRONIZING PLAYERS CONNECTED
SYNCHRONIZING PLAYERS CONNECTED
SYNCHRONIZING PLAYERS CONNECTED
SYNCHRONIZING PLAYERS CONNECTED

enough players in bot_ffa_lobby to start a match
grouping bot_ffa_lobby sockets
looking for a joinable game room...
done searching
no joinable game rooms ... looking for an empty game room...
migrating 1 players to game room: bot_ffa1
generalMessage : goto_lobby : 0
dat_wait_time was: 60000
waitin_time: 60000 ---> 1770
sending lobby_wait_time: [object Object]
recomputing playerSubGroup to be inclusive of newly joined players
new playerSubGroup: 1 players
Kyle: match still good
generalMessage : lock_armory : 0
sending lobby_wait_time to room bot_ffa1 for starting match coutdown time:
{ name: 'objUpdate',
  oid_string: '0:-1',
  object_index: 0,
  uniqueId: '-1',
  netvar: 'lobby_wait_time',
  val: 300,
  flag: 0 }
nextMapVote = 6nextMap1 = 6, nextMap2 = 2, nextMap3 = 20
VOTING RESULTS: next map is 6, votes1 was 1, votes2 was 0, votes3 was 0, map1 was 6, map2 was 2, map3 was 20
Reassigning pNum for Kyle : 0 ---> 0
SYNCHRONIZING PLAYERS CONNECTED
recomputing playerSubGroup to be inclusive of newly joined players
new playerSubGroup: 1 players
Kyle: match still good
after voting, map number is:  6
generalMessage : goto_map : 6
creating player Kyle, #0
SYNCHRONIZING PLAYERS CONNECTED
SYNCHRONIZING PLAYERS CONNECTED
SYNCHRONIZING PLAYERS CONNECTED
SYNCHRONIZING PLAYERS CONNECTED
SYNCHRONIZING PLAYERS CONNECTED
SYNCHRONIZING PLAYERS CONNECTED
SYNCHRONIZING PLAYERS CONNECTED
SYNCHRONIZING PLAYERS CONNECTED
SYNCHRONIZING PLAYERS CONNECTED
SYNCHRONIZING PLAYERS CONNECTED
SYNCHRONIZING PLAYERS CONNECTED
SYNCHRONIZING PLAYERS CONNECTED
SYNCHRONIZING PLAYERS CONNECTED
SYNCHRONIZING PLAYERS CONNECTED
SYNCHRONIZING PLAYERS CONNECTED
SYNCHRONIZING PLAYERS CONNECTED
SYNCHRONIZING PLAYERS CONNECTED
SYNCHRONIZING PLAYERS CONNECTED
SYNCHRONIZING PLAYERS CONNECTED
SYNCHRONIZING PLAYERS CONNECTED
SYNCHRONIZING PLAYERS CONNECTED
SYNCHRONIZING PLAYERS CONNECTED
SYNCHRONIZING PLAYERS CONNECTED
SYNCHRONIZING PLAYERS CONNECTED
SYNCHRONIZING PLAYERS CONNECTED
SYNCHRONIZING PLAYERS CONNECTED
SYNCHRONIZING PLAYERS CONNECTED

enough players in tdm_lobby to start a match
grouping tdm_lobby sockets
looking for a joinable game room...
	..checking: tdm1
		joinable: false, socketsInRoom: 0
	..checking: tdm2
		joinable: false, socketsInRoom: 0
	..checking: tdm3
		joinable: false, socketsInRoom: 0
	..checking: tdm4
		joinable: false, socketsInRoom: 0
	..checking: tdm5
		joinable: false, socketsInRoom: 0
	..checking: tdm6
		joinable: false, socketsInRoom: 0
	..checking: tdm7
		joinable: false, socketsInRoom: 0
	..checking: tdm8
		joinable: false, socketsInRoom: 0
done searching
no joinable game rooms ... looking for an empty game room...
migrating 2 players to game room: tdm1
generalMessage : goto_lobby : 0
dat_wait_time was: 60000
waitin_time: 60000 ---> 1770
sending lobby_wait_time: [object Object]
SYNCHRONIZING PLAYERS CONNECTED
SYNCHRONIZING PLAYERS CONNECTED
SYNCHRONIZING PLAYERS CONNECTED
recomputing playerSubGroup to be inclusive of newly joined players
new playerSubGroup: 2 players
Kyle: match still good
Titties: match still good
generalMessage : lock_armory : 0
sending lobby_wait_time to room tdm1 for starting match coutdown time:
{ name: 'objUpdate',
  oid_string: '0:-1',
  object_index: 0,
  uniqueId: '-1',
  netvar: 'lobby_wait_time',
  val: 300,
  flag: 0 }
nextMapVote = -1nextMap1 = 1, nextMap2 = 10, nextMap3 = 2
nextMapVote = -1nextMap1 = 1, nextMap2 = 10, nextMap3 = 2
VOTING RESULTS: next map is 1, votes1 was 0, votes2 was 0, votes3 was 0, map1 was 1, map2 was 10, map3 was 2
Reassigning pNum for Kyle : 0 ---> 0
Reassigning pNum for Titties : 1 ---> 1
recomputing playerSubGroup to be inclusive of newly joined players
new playerSubGroup: 2 players
Kyle: match still good
Titties: match still good
after voting, map number is:  1
generalMessage : goto_map : 1
creating player Kyle, #0
creating player Titties, #1
SYNCHRONIZING PLAYERS CONNECTED
SYNCHRONIZING PLAYERS CONNECTED
SYNCHRONIZING PLAYERS CONNECTED
SYNCHRONIZING PLAYERS CONNECTED
SYNCHRONIZING PLAYERS CONNECTED
SYNCHRONIZING PLAYERS CONNECTED
SYNCHRONIZING PLAYERS CONNECTED
dat_wait_time was: 120000
waitin_time: 120000 ---> 3570
sending lobby_wait_time: [object Object]
SYNCHRONIZING PLAYERS CONNECTED
SYNCHRONIZING PLAYERS CONNECTED
SYNCHRONIZING PLAYERS CONNECTED
SYNCHRONIZING PLAYERS CONNECTED
Reassigning pNum for Kyle : 0 ---> 1
Reassigning pNum for Titties : 1 ---> 0
SYNCHRONIZING PLAYERS CONNECTED
SYNCHRONIZING PLAYERS CONNECTED
SYNCHRONIZING PLAYERS CONNECTED
SYNCHRONIZING PLAYERS CONNECTED
SYNCHRONIZING PLAYERS CONNECTED
SYNCHRONIZING PLAYERS CONNECTED
SYNCHRONIZING PLAYERS CONNECTED
recomputing playerSubGroup to be inclusive of newly joined players
new playerSubGroup: 0 players
THIS MATCH HAS EXPIRED
aborting the save/quit armory command
recomputing playerSubGroup to be inclusive of newly joined players
new playerSubGroup: 0 players
THIS MATCH HAS EXPIRED
ABORTING --> this match has expired
SYNCHRONIZING PLAYERS CONNECTED
SYNCHRONIZING PLAYERS CONNECTED
SYNCHRONIZING PLAYERS CONNECTED
SYNCHRONIZING PLAYERS CONNECTED
SYNCHRONIZING PLAYERS CONNECTED
SYNCHRONIZING PLAYERS CONNECTED
SYNCHRONIZING PLAYERS CONNECTED
SYNCHRONIZING PLAYERS CONNECTED
SYNCHRONIZING PLAYERS CONNECTED
SYNCHRONIZING PLAYERS CONNECTED
SYNCHRONIZING PLAYERS CONNECTED
SYNCHRONIZING PLAYERS CONNECTED
SYNCHRONIZING PLAYERS CONNECTED
SYNCHRONIZING PLAYERS CONNECTED
SYNCHRONIZING PLAYERS CONNECTED
SYNCHRONIZING PLAYERS CONNECTED
SYNCHRONIZING PLAYERS CONNECTED
SYNCHRONIZING PLAYERS CONNECTED
SYNCHRONIZING PLAYERS CONNECTED
SYNCHRONIZING PLAYERS CONNECTED
SYNCHRONIZING PLAYERS CONNECTED
SYNCHRONIZING PLAYERS CONNECTED
SYNCHRONIZING PLAYERS CONNECTED
SYNCHRONIZING PLAYERS CONNECTED
SYNCHRONIZING PLAYERS CONNECTED
SYNCHRONIZING PLAYERS CONNECTED

enough players in bot_versus_lobby to start a match
grouping bot_versus_lobby sockets
looking for a joinable game room...
done searching
no joinable game rooms ... looking for an empty game room...
migrating 1 players to game room: bot_versus1
generalMessage : goto_lobby : 0
dat_wait_time was: 60000
waitin_time: 60000 ---> 1770
sending lobby_wait_time: [object Object]
SYNCHRONIZING PLAYERS CONNECTED
SYNCHRONIZING PLAYERS CONNECTED
SYNCHRONIZING PLAYERS CONNECTED
SYNCHRONIZING PLAYERS CONNECTED
SYNCHRONIZING PLAYERS CONNECTED
recomputing playerSubGroup to be inclusive of newly joined players
new playerSubGroup: 0 players
THIS MATCH HAS EXPIRED
aborting the save/quit armory command
recomputing playerSubGroup to be inclusive of newly joined players
new playerSubGroup: 0 players
THIS MATCH HAS EXPIRED
ABORTING --> this match has expired
SYNCHRONIZING PLAYERS CONNECTED
SYNCHRONIZING PLAYERS CONNECTED
SYNCHRONIZING PLAYERS CONNECTED
SYNCHRONIZING PLAYERS CONNECTED
SYNCHRONIZING PLAYERS CONNECTED
SYNCHRONIZING PLAYERS CONNECTED

enough players in bot_versus_lobby to start a match
grouping bot_versus_lobby sockets
looking for a joinable game room...
done searching
no joinable game rooms ... looking for an empty game room...
migrating 1 players to game room: bot_versus1
generalMessage : goto_lobby : 0
dat_wait_time was: 60000
waitin_time: 60000 ---> 1770
sending lobby_wait_time: [object Object]
SYNCHRONIZING PLAYERS CONNECTED
SYNCHRONIZING PLAYERS CONNECTED
SYNCHRONIZING PLAYERS CONNECTED
SYNCHRONIZING PLAYERS CONNECTED
recomputing playerSubGroup to be inclusive of newly joined players
new playerSubGroup: 0 players
THIS MATCH HAS EXPIRED
aborting the save/quit armory command
SYNCHRONIZING PLAYERS CONNECTED
recomputing playerSubGroup to be inclusive of newly joined players
new playerSubGroup: 0 players
THIS MATCH HAS EXPIRED
ABORTING --> this match has expired
SYNCHRONIZING PLAYERS CONNECTED
SYNCHRONIZING PLAYERS CONNECTED
SYNCHRONIZING PLAYERS CONNECTED
SYNCHRONIZING PLAYERS CONNECTED
SYNCHRONIZING PLAYERS CONNECTED
SYNCHRONIZING PLAYERS CONNECTED
SYNCHRONIZING PLAYERS CONNECTED
SYNCHRONIZING PLAYERS CONNECTED

enough players in bot_tdm_lobby to start a match
grouping bot_tdm_lobby sockets
looking for a joinable game room...
done searching
no joinable game rooms ... looking for an empty game room...
migrating 1 players to game room: bot_tdm1
generalMessage : goto_lobby : 0
dat_wait_time was: 60000
waitin_time: 60000 ---> 1770
sending lobby_wait_time: [object Object]
SYNCHRONIZING PLAYERS CONNECTED
SYNCHRONIZING PLAYERS CONNECTED
SYNCHRONIZING PLAYERS CONNECTED
SYNCHRONIZING PLAYERS CONNECTED
SYNCHRONIZING PLAYERS CONNECTED
recomputing playerSubGroup to be inclusive of newly joined players
new playerSubGroup: 0 players
THIS MATCH HAS EXPIRED
aborting the save/quit armory command
recomputing playerSubGroup to be inclusive of newly joined players
new playerSubGroup: 0 players
THIS MATCH HAS EXPIRED
ABORTING --> this match has expired
SYNCHRONIZING PLAYERS CONNECTED
SYNCHRONIZING PLAYERS CONNECTED
SYNCHRONIZING PLAYERS CONNECTED
SYNCHRONIZING PLAYERS CONNECTED
SYNCHRONIZING PLAYERS CONNECTED
SYNCHRONIZING PLAYERS CONNECTED
SYNCHRONIZING PLAYERS CONNECTED
SYNCHRONIZING PLAYERS CONNECTED
SYNCHRONIZING PLAYERS CONNECTED
SYNCHRONIZING PLAYERS CONNECTED
SYNCHRONIZING PLAYERS CONNECTED
SYNCHRONIZING PLAYERS CONNECTED
SYNCHRONIZING PLAYERS CONNECTED
SYNCHRONIZING PLAYERS CONNECTED
SYNCHRONIZING PLAYERS CONNECTED
SYNCHRONIZING PLAYERS CONNECTED
SYNCHRONIZING PLAYERS CONNECTED
SYNCHRONIZING PLAYERS CONNECTED
SYNCHRONIZING PLAYERS CONNECTED
SYNCHRONIZING PLAYERS CONNECTED
SYNCHRONIZING PLAYERS CONNECTED
SYNCHRONIZING PLAYERS CONNECTED
SYNCHRONIZING PLAYERS CONNECTED
SYNCHRONIZING PLAYERS CONNECTED
SYNCHRONIZING PLAYERS CONNECTED
SYNCHRONIZING PLAYERS CONNECTED
SYNCHRONIZING PLAYERS CONNECTED
SYNCHRONIZING PLAYERS CONNECTED
SYNCHRONIZING PLAYERS CONNECTED
SYNCHRONIZING PLAYERS CONNECTED
SYNCHRONIZING PLAYERS CONNECTED
SYNCHRONIZING PLAYERS CONNECTED
SYNCHRONIZING PLAYERS CONNECTED
SYNCHRONIZING PLAYERS CONNECTED
SYNCHRONIZING PLAYERS CONNECTED
SYNCHRONIZING PLAYERS CONNECTED
SYNCHRONIZING PLAYERS CONNECTED
SYNCHRONIZING PLAYERS CONNECTED
SYNCHRONIZING PLAYERS CONNECTED
SYNCHRONIZING PLAYERS CONNECTED
SYNCHRONIZING PLAYERS CONNECTED
SYNCHRONIZING PLAYERS CONNECTED
SYNCHRONIZING PLAYERS CONNECTED
SYNCHRONIZING PLAYERS CONNECTED
SYNCHRONIZING PLAYERS CONNECTED
SYNCHRONIZING PLAYERS CONNECTED
SYNCHRONIZING PLAYERS CONNECTED
SYNCHRONIZING PLAYERS CONNECTED
SYNCHRONIZING PLAYERS CONNECTED
SYNCHRONIZING PLAYERS CONNECTED
SYNCHRONIZING PLAYERS CONNECTED
SYNCHRONIZING PLAYERS CONNECTED
SYNCHRONIZING PLAYERS CONNECTED
SYNCHRONIZING PLAYERS CONNECTED
SYNCHRONIZING PLAYERS CONNECTED
SYNCHRONIZING PLAYERS CONNECTED
SYNCHRONIZING PLAYERS CONNECTED
SYNCHRONIZING PLAYERS CONNECTED
SYNCHRONIZING PLAYERS CONNECTED
SYNCHRONIZING PLAYERS CONNECTED
SYNCHRONIZING PLAYERS CONNECTED
SYNCHRONIZING PLAYERS CONNECTED
SYNCHRONIZING PLAYERS CONNECTED
SYNCHRONIZING PLAYERS CONNECTED
SYNCHRONIZING PLAYERS CONNECTED
SYNCHRONIZING PLAYERS CONNECTED
SYNCHRONIZING PLAYERS CONNECTED
SYNCHRONIZING PLAYERS CONNECTED
SYNCHRONIZING PLAYERS CONNECTED
SYNCHRONIZING PLAYERS CONNECTED
SYNCHRONIZING PLAYERS CONNECTED
SYNCHRONIZING PLAYERS CONNECTED
SYNCHRONIZING PLAYERS CONNECTED
SYNCHRONIZING PLAYERS CONNECTED
SYNCHRONIZING PLAYERS CONNECTED
SYNCHRONIZING PLAYERS CONNECTED
SYNCHRONIZING PLAYERS CONNECTED
SYNCHRONIZING PLAYERS CONNECTED
SYNCHRONIZING PLAYERS CONNECTED
SYNCHRONIZING PLAYERS CONNECTED
SYNCHRONIZING PLAYERS CONNECTED
SYNCHRONIZING PLAYERS CONNECTED
SYNCHRONIZING PLAYERS CONNECTED
SYNCHRONIZING PLAYERS CONNECTED
SYNCHRONIZING PLAYERS CONNECTED
SYNCHRONIZING PLAYERS CONNECTED
SYNCHRONIZING PLAYERS CONNECTED
SYNCHRONIZING PLAYERS CONNECTED
SYNCHRONIZING PLAYERS CONNECTED
SYNCHRONIZING PLAYERS CONNECTED
SYNCHRONIZING PLAYERS CONNECTED
SYNCHRONIZING PLAYERS CONNECTED
SYNCHRONIZING PLAYERS CONNECTED
SYNCHRONIZING PLAYERS CONNECTED
SYNCHRONIZING PLAYERS CONNECTED
SYNCHRONIZING PLAYERS CONNECTED
SYNCHRONIZING PLAYERS CONNECTED
SYNCHRONIZING PLAYERS CONNECTED
SYNCHRONIZING PLAYERS CONNECTED
SYNCHRONIZING PLAYERS CONNECTED
SYNCHRONIZING PLAYERS CONNECTED
SYNCHRONIZING PLAYERS CONNECTED
SYNCHRONIZING PLAYERS CONNECTED
SYNCHRONIZING PLAYERS CONNECTED
SYNCHRONIZING PLAYERS CONNECTED
SYNCHRONIZING PLAYERS CONNECTED
SYNCHRONIZING PLAYERS CONNECTED
SYNCHRONIZING PLAYERS CONNECTED
SYNCHRONIZING PLAYERS CONNECTED
SYNCHRONIZING PLAYERS CONNECTED
SYNCHRONIZING PLAYERS CONNECTED
SYNCHRONIZING PLAYERS CONNECTED
SYNCHRONIZING PLAYERS CONNECTED
SYNCHRONIZING PLAYERS CONNECTED
SYNCHRONIZING PLAYERS CONNECTED
SYNCHRONIZING PLAYERS CONNECTED
SYNCHRONIZING PLAYERS CONNECTED
SYNCHRONIZING PLAYERS CONNECTED
SYNCHRONIZING PLAYERS CONNECTED
SYNCHRONIZING PLAYERS CONNECTED
SYNCHRONIZING PLAYERS CONNECTED
SYNCHRONIZING PLAYERS CONNECTED
SYNCHRONIZING PLAYERS CONNECTED
SYNCHRONIZING PLAYERS CONNECTED
SYNCHRONIZING PLAYERS CONNECTED
SYNCHRONIZING PLAYERS CONNECTED
SYNCHRONIZING PLAYERS CONNECTED
SYNCHRONIZING PLAYERS CONNECTED
SYNCHRONIZING PLAYERS CONNECTED
SYNCHRONIZING PLAYERS CONNECTED
SYNCHRONIZING PLAYERS CONNECTED
SYNCHRONIZING PLAYERS CONNECTED
SYNCHRONIZING PLAYERS CONNECTED
SYNCHRONIZING PLAYERS CONNECTED
SYNCHRONIZING PLAYERS CONNECTED
SYNCHRONIZING PLAYERS CONNECTED
SYNCHRONIZING PLAYERS CONNECTED
SYNCHRONIZING PLAYERS CONNECTED
SYNCHRONIZING PLAYERS CONNECTED
SYNCHRONIZING PLAYERS CONNECTED
SYNCHRONIZING PLAYERS CONNECTED
SYNCHRONIZING PLAYERS CONNECTED
SYNCHRONIZING PLAYERS CONNECTED
SYNCHRONIZING PLAYERS CONNECTED
SYNCHRONIZING PLAYERS CONNECTED
SYNCHRONIZING PLAYERS CONNECTED
SYNCHRONIZING PLAYERS CONNECTED
SYNCHRONIZING PLAYERS CONNECTED
SYNCHRONIZING PLAYERS CONNECTED
SYNCHRONIZING PLAYERS CONNECTED
SYNCHRONIZING PLAYERS CONNECTED
SYNCHRONIZING PLAYERS CONNECTED
SYNCHRONIZING PLAYERS CONNECTED
SYNCHRONIZING PLAYERS CONNECTED
SYNCHRONIZING PLAYERS CONNECTED
SYNCHRONIZING PLAYERS CONNECTED
SYNCHRONIZING PLAYERS CONNECTED
SYNCHRONIZING PLAYERS CONNECTED
SYNCHRONIZING PLAYERS CONNECTED
SYNCHRONIZING PLAYERS CONNECTED
SYNCHRONIZING PLAYERS CONNECTED
SYNCHRONIZING PLAYERS CONNECTED
SYNCHRONIZING PLAYERS CONNECTED
SYNCHRONIZING PLAYERS CONNECTED
SYNCHRONIZING PLAYERS CONNECTED
SYNCHRONIZING PLAYERS CONNECTED
SYNCHRONIZING PLAYERS CONNECTED
SYNCHRONIZING PLAYERS CONNECTED
SYNCHRONIZING PLAYERS CONNECTED
SYNCHRONIZING PLAYERS CONNECTED
SYNCHRONIZING PLAYERS CONNECTED
SYNCHRONIZING PLAYERS CONNECTED
SYNCHRONIZING PLAYERS CONNECTED
SYNCHRONIZING PLAYERS CONNECTED
SYNCHRONIZING PLAYERS CONNECTED
SYNCHRONIZING PLAYERS CONNECTED
SYNCHRONIZING PLAYERS CONNECTED
SYNCHRONIZING PLAYERS CONNECTED
SYNCHRONIZING PLAYERS CONNECTED
SYNCHRONIZING PLAYERS CONNECTED
SYNCHRONIZING PLAYERS CONNECTED
SYNCHRONIZING PLAYERS CONNECTED
SYNCHRONIZING PLAYERS CONNECTED
SYNCHRONIZING PLAYERS CONNECTED
SYNCHRONIZING PLAYERS CONNECTED
SYNCHRONIZING PLAYERS CONNECTED
SYNCHRONIZING PLAYERS CONNECTED
SYNCHRONIZING PLAYERS CONNECTED
SYNCHRONIZING PLAYERS CONNECTED
SYNCHRONIZING PLAYERS CONNECTED
SYNCHRONIZING PLAYERS CONNECTED
SYNCHRONIZING PLAYERS CONNECTED
SYNCHRONIZING PLAYERS CONNECTED
SYNCHRONIZING PLAYERS CONNECTED
SYNCHRONIZING PLAYERS CONNECTED
SYNCHRONIZING PLAYERS CONNECTED
SYNCHRONIZING PLAYERS CONNECTED
SYNCHRONIZING PLAYERS CONNECTED
SYNCHRONIZING PLAYERS CONNECTED
SYNCHRONIZING PLAYERS CONNECTED
SYNCHRONIZING PLAYERS CONNECTED
SYNCHRONIZING PLAYERS CONNECTED
SYNCHRONIZING PLAYERS CONNECTED
SYNCHRONIZING PLAYERS CONNECTED
SYNCHRONIZING PLAYERS CONNECTED
SYNCHRONIZING PLAYERS CONNECTED
SYNCHRONIZING PLAYERS CONNECTED
SYNCHRONIZING PLAYERS CONNECTED
SYNCHRONIZING PLAYERS CONNECTED
SYNCHRONIZING PLAYERS CONNECTED
SYNCHRONIZING PLAYERS CONNECTED
SYNCHRONIZING PLAYERS CONNECTED
SYNCHRONIZING PLAYERS CONNECTED
SYNCHRONIZING PLAYERS CONNECTED
SYNCHRONIZING PLAYERS CONNECTED
SYNCHRONIZING PLAYERS CONNECTED
SYNCHRONIZING PLAYERS CONNECTED
SYNCHRONIZING PLAYERS CONNECTED
SYNCHRONIZING PLAYERS CONNECTED
SYNCHRONIZING PLAYERS CONNECTED
SYNCHRONIZING PLAYERS CONNECTED
SYNCHRONIZING PLAYERS CONNECTED
SYNCHRONIZING PLAYERS CONNECTED
SYNCHRONIZING PLAYERS CONNECTED
SYNCHRONIZING PLAYERS CONNECTED
SYNCHRONIZING PLAYERS CONNECTED
SYNCHRONIZING PLAYERS CONNECTED
SYNCHRONIZING PLAYERS CONNECTED
SYNCHRONIZING PLAYERS CONNECTED
SYNCHRONIZING PLAYERS CONNECTED
SYNCHRONIZING PLAYERS CONNECTED
SYNCHRONIZING PLAYERS CONNECTED
SYNCHRONIZING PLAYERS CONNECTED
SYNCHRONIZING PLAYERS CONNECTED
SYNCHRONIZING PLAYERS CONNECTED
SYNCHRONIZING PLAYERS CONNECTED
SYNCHRONIZING PLAYERS CONNECTED
SYNCHRONIZING PLAYERS CONNECTED
SYNCHRONIZING PLAYERS CONNECTED
SYNCHRONIZING PLAYERS CONNECTED
SYNCHRONIZING PLAYERS CONNECTED
SYNCHRONIZING PLAYERS CONNECTED
SYNCHRONIZING PLAYERS CONNECTED
SYNCHRONIZING PLAYERS CONNECTED
SYNCHRONIZING PLAYERS CONNECTED
SYNCHRONIZING PLAYERS CONNECTED
SYNCHRONIZING PLAYERS CONNECTED
SYNCHRONIZING PLAYERS CONNECTED
SYNCHRONIZING PLAYERS CONNECTED
SYNCHRONIZING PLAYERS CONNECTED
SYNCHRONIZING PLAYERS CONNECTED
SYNCHRONIZING PLAYERS CONNECTED
SYNCHRONIZING PLAYERS CONNECTED
SYNCHRONIZING PLAYERS CONNECTED
SYNCHRONIZING PLAYERS CONNECTED
SYNCHRONIZING PLAYERS CONNECTED
SYNCHRONIZING PLAYERS CONNECTED
SYNCHRONIZING PLAYERS CONNECTED
SYNCHRONIZING PLAYERS CONNECTED
SYNCHRONIZING PLAYERS CONNECTED
SYNCHRONIZING PLAYERS CONNECTED
SYNCHRONIZING PLAYERS CONNECTED
SYNCHRONIZING PLAYERS CONNECTED
SYNCHRONIZING PLAYERS CONNECTED
SYNCHRONIZING PLAYERS CONNECTED
SYNCHRONIZING PLAYERS CONNECTED
SYNCHRONIZING PLAYERS CONNECTED
SYNCHRONIZING PLAYERS CONNECTED
SYNCHRONIZING PLAYERS CONNECTED
SYNCHRONIZING PLAYERS CONNECTED
SYNCHRONIZING PLAYERS CONNECTED
SYNCHRONIZING PLAYERS CONNECTED
SYNCHRONIZING PLAYERS CONNECTED
SYNCHRONIZING PLAYERS CONNECTED
SYNCHRONIZING PLAYERS CONNECTED
SYNCHRONIZING PLAYERS CONNECTED
SYNCHRONIZING PLAYERS CONNECTED
SYNCHRONIZING PLAYERS CONNECTED
SYNCHRONIZING PLAYERS CONNECTED
SYNCHRONIZING PLAYERS CONNECTED
SYNCHRONIZING PLAYERS CONNECTED
SYNCHRONIZING PLAYERS CONNECTED
SYNCHRONIZING PLAYERS CONNECTED
SYNCHRONIZING PLAYERS CONNECTED
SYNCHRONIZING PLAYERS CONNECTED
SYNCHRONIZING PLAYERS CONNECTED
SYNCHRONIZING PLAYERS CONNECTED
SYNCHRONIZING PLAYERS CONNECTED
SYNCHRONIZING PLAYERS CONNECTED
SYNCHRONIZING PLAYERS CONNECTED
SYNCHRONIZING PLAYERS CONNECTED
SYNCHRONIZING PLAYERS CONNECTED
SYNCHRONIZING PLAYERS CONNECTED
SYNCHRONIZING PLAYERS CONNECTED
SYNCHRONIZING PLAYERS CONNECTED
SYNCHRONIZING PLAYERS CONNECTED
SYNCHRONIZING PLAYERS CONNECTED
SYNCHRONIZING PLAYERS CONNECTED
SYNCHRONIZING PLAYERS CONNECTED
SYNCHRONIZING PLAYERS CONNECTED
SYNCHRONIZING PLAYERS CONNECTED
SYNCHRONIZING PLAYERS CONNECTED
SYNCHRONIZING PLAYERS CONNECTED
SYNCHRONIZING PLAYERS CONNECTED
SYNCHRONIZING PLAYERS CONNECTED
SYNCHRONIZING PLAYERS CONNECTED
SYNCHRONIZING PLAYERS CONNECTED
SYNCHRONIZING PLAYERS CONNECTED
SYNCHRONIZING PLAYERS CONNECTED
SYNCHRONIZING PLAYERS CONNECTED
SYNCHRONIZING PLAYERS CONNECTED
SYNCHRONIZING PLAYERS CONNECTED
SYNCHRONIZING PLAYERS CONNECTED
SYNCHRONIZING PLAYERS CONNECTED
SYNCHRONIZING PLAYERS CONNECTED
SYNCHRONIZING PLAYERS CONNECTED
SYNCHRONIZING PLAYERS CONNECTED
SYNCHRONIZING PLAYERS CONNECTED
SYNCHRONIZING PLAYERS CONNECTED
SYNCHRONIZING PLAYERS CONNECTED
SYNCHRONIZING PLAYERS CONNECTED
SYNCHRONIZING PLAYERS CONNECTED
SYNCHRONIZING PLAYERS CONNECTED
SYNCHRONIZING PLAYERS CONNECTED
SYNCHRONIZING PLAYERS CONNECTED
SYNCHRONIZING PLAYERS CONNECTED
SYNCHRONIZING PLAYERS CONNECTED
SYNCHRONIZING PLAYERS CONNECTED
SYNCHRONIZING PLAYERS CONNECTED
SYNCHRONIZING PLAYERS CONNECTED
SYNCHRONIZING PLAYERS CONNECTED
SYNCHRONIZING PLAYERS CONNECTED
SYNCHRONIZING PLAYERS CONNECTED
SYNCHRONIZING PLAYERS CONNECTED
SYNCHRONIZING PLAYERS CONNECTED
SYNCHRONIZING PLAYERS CONNECTED
SYNCHRONIZING PLAYERS CONNECTED
SYNCHRONIZING PLAYERS CONNECTED
SYNCHRONIZING PLAYERS CONNECTED
SYNCHRONIZING PLAYERS CONNECTED
SYNCHRONIZING PLAYERS CONNECTED
SYNCHRONIZING PLAYERS CONNECTED
SYNCHRONIZING PLAYERS CONNECTED
SYNCHRONIZING PLAYERS CONNECTED
SYNCHRONIZING PLAYERS CONNECTED
SYNCHRONIZING PLAYERS CONNECTED
SYNCHRONIZING PLAYERS CONNECTED
SYNCHRONIZING PLAYERS CONNECTED
SYNCHRONIZING PLAYERS CONNECTED
SYNCHRONIZING PLAYERS CONNECTED
SYNCHRONIZING PLAYERS CONNECTED
SYNCHRONIZING PLAYERS CONNECTED
SYNCHRONIZING PLAYERS CONNECTED
SYNCHRONIZING PLAYERS CONNECTED
SYNCHRONIZING PLAYERS CONNECTED
SYNCHRONIZING PLAYERS CONNECTED
SYNCHRONIZING PLAYERS CONNECTED
SYNCHRONIZING PLAYERS CONNECTED
SYNCHRONIZING PLAYERS CONNECTED
SYNCHRONIZING PLAYERS CONNECTED
SYNCHRONIZING PLAYERS CONNECTED
SYNCHRONIZING PLAYERS CONNECTED
SYNCHRONIZING PLAYERS CONNECTED
SYNCHRONIZING PLAYERS CONNECTED
SYNCHRONIZING PLAYERS CONNECTED
SYNCHRONIZING PLAYERS CONNECTED
SYNCHRONIZING PLAYERS CONNECTED
SYNCHRONIZING PLAYERS CONNECTED
SYNCHRONIZING PLAYERS CONNECTED
SYNCHRONIZING PLAYERS CONNECTED
SYNCHRONIZING PLAYERS CONNECTED
SYNCHRONIZING PLAYERS CONNECTED
SYNCHRONIZING PLAYERS CONNECTED
SYNCHRONIZING PLAYERS CONNECTED
SYNCHRONIZING PLAYERS CONNECTED
SYNCHRONIZING PLAYERS CONNECTED
SYNCHRONIZING PLAYERS CONNECTED
SYNCHRONIZING PLAYERS CONNECTED
SYNCHRONIZING PLAYERS CONNECTED
SYNCHRONIZING PLAYERS CONNECTED
SYNCHRONIZING PLAYERS CONNECTED
SYNCHRONIZING PLAYERS CONNECTED
SYNCHRONIZING PLAYERS CONNECTED
SYNCHRONIZING PLAYERS CONNECTED
SYNCHRONIZING PLAYERS CONNECTED
SYNCHRONIZING PLAYERS CONNECTED
SYNCHRONIZING PLAYERS CONNECTED
SYNCHRONIZING PLAYERS CONNECTED
SYNCHRONIZING PLAYERS CONNECTED
SYNCHRONIZING PLAYERS CONNECTED
SYNCHRONIZING PLAYERS CONNECTED
SYNCHRONIZING PLAYERS CONNECTED
SYNCHRONIZING PLAYERS CONNECTED
SYNCHRONIZING PLAYERS CONNECTED
SYNCHRONIZING PLAYERS CONNECTED
SYNCHRONIZING PLAYERS CONNECTED
SYNCHRONIZING PLAYERS CONNECTED
SYNCHRONIZING PLAYERS CONNECTED
SYNCHRONIZING PLAYERS CONNECTED
SYNCHRONIZING PLAYERS CONNECTED
SYNCHRONIZING PLAYERS CONNECTED
SYNCHRONIZING PLAYERS CONNECTED
SYNCHRONIZING PLAYERS CONNECTED
SYNCHRONIZING PLAYERS CONNECTED
SYNCHRONIZING PLAYERS CONNECTED
SYNCHRONIZING PLAYERS CONNECTED
SYNCHRONIZING PLAYERS CONNECTED
SYNCHRONIZING PLAYERS CONNECTED
SYNCHRONIZING PLAYERS CONNECTED
SYNCHRONIZING PLAYERS CONNECTED
SYNCHRONIZING PLAYERS CONNECTED
SYNCHRONIZING PLAYERS CONNECTED
SYNCHRONIZING PLAYERS CONNECTED
SYNCHRONIZING PLAYERS CONNECTED
SYNCHRONIZING PLAYERS CONNECTED
SYNCHRONIZING PLAYERS CONNECTED
SYNCHRONIZING PLAYERS CONNECTED
SYNCHRONIZING PLAYERS CONNECTED
SYNCHRONIZING PLAYERS CONNECTED
SYNCHRONIZING PLAYERS CONNECTED
SYNCHRONIZING PLAYERS CONNECTED
SYNCHRONIZING PLAYERS CONNECTED
SYNCHRONIZING PLAYERS CONNECTED
SYNCHRONIZING PLAYERS CONNECTED
SYNCHRONIZING PLAYERS CONNECTED
SYNCHRONIZING PLAYERS CONNECTED
SYNCHRONIZING PLAYERS CONNECTED
SYNCHRONIZING PLAYERS CONNECTED
SYNCHRONIZING PLAYERS CONNECTED
SYNCHRONIZING PLAYERS CONNECTED
SYNCHRONIZING PLAYERS CONNECTED
SYNCHRONIZING PLAYERS CONNECTED
SYNCHRONIZING PLAYERS CONNECTED
SYNCHRONIZING PLAYERS CONNECTED
SYNCHRONIZING PLAYERS CONNECTED
SYNCHRONIZING PLAYERS CONNECTED
SYNCHRONIZING PLAYERS CONNECTED
SYNCHRONIZING PLAYERS CONNECTED
SYNCHRONIZING PLAYERS CONNECTED
SYNCHRONIZING PLAYERS CONNECTED
SYNCHRONIZING PLAYERS CONNECTED
SYNCHRONIZING PLAYERS CONNECTED
SYNCHRONIZING PLAYERS CONNECTED
SYNCHRONIZING PLAYERS CONNECTED
SYNCHRONIZING PLAYERS CONNECTED
SYNCHRONIZING PLAYERS CONNECTED
SYNCHRONIZING PLAYERS CONNECTED
SYNCHRONIZING PLAYERS CONNECTED
SYNCHRONIZING PLAYERS CONNECTED
SYNCHRONIZING PLAYERS CONNECTED
SYNCHRONIZING PLAYERS CONNECTED
SYNCHRONIZING PLAYERS CONNECTED
SYNCHRONIZING PLAYERS CONNECTED
SYNCHRONIZING PLAYERS CONNECTED
SYNCHRONIZING PLAYERS CONNECTED
SYNCHRONIZING PLAYERS CONNECTED
SYNCHRONIZING PLAYERS CONNECTED
SYNCHRONIZING PLAYERS CONNECTED
SYNCHRONIZING PLAYERS CONNECTED
SYNCHRONIZING PLAYERS CONNECTED
SYNCHRONIZING PLAYERS CONNECTED
SYNCHRONIZING PLAYERS CONNECTED
SYNCHRONIZING PLAYERS CONNECTED
SYNCHRONIZING PLAYERS CONNECTED
SYNCHRONIZING PLAYERS CONNECTED
SYNCHRONIZING PLAYERS CONNECTED
SYNCHRONIZING PLAYERS CONNECTED
SYNCHRONIZING PLAYERS CONNECTED
SYNCHRONIZING PLAYERS CONNECTED
SYNCHRONIZING PLAYERS CONNECTED
SYNCHRONIZING PLAYERS CONNECTED
SYNCHRONIZING PLAYERS CONNECTED
SYNCHRONIZING PLAYERS CONNECTED
SYNCHRONIZING PLAYERS CONNECTED
SYNCHRONIZING PLAYERS CONNECTED
SYNCHRONIZING PLAYERS CONNECTED
SYNCHRONIZING PLAYERS CONNECTED
SYNCHRONIZING PLAYERS CONNECTED
SYNCHRONIZING PLAYERS CONNECTED
SYNCHRONIZING PLAYERS CONNECTED
SYNCHRONIZING PLAYERS CONNECTED
SYNCHRONIZING PLAYERS CONNECTED
SYNCHRONIZING PLAYERS CONNECTED
SYNCHRONIZING PLAYERS CONNECTED
SYNCHRONIZING PLAYERS CONNECTED
SYNCHRONIZING PLAYERS CONNECTED
SYNCHRONIZING PLAYERS CONNECTED
SYNCHRONIZING PLAYERS CONNECTED
SYNCHRONIZING PLAYERS CONNECTED
SYNCHRONIZING PLAYERS CONNECTED
SYNCHRONIZING PLAYERS CONNECTED
SYNCHRONIZING PLAYERS CONNECTED
SYNCHRONIZING PLAYERS CONNECTED
SYNCHRONIZING PLAYERS CONNECTED
SYNCHRONIZING PLAYERS CONNECTED
SYNCHRONIZING PLAYERS CONNECTED
SYNCHRONIZING PLAYERS CONNECTED
SYNCHRONIZING PLAYERS CONNECTED
SYNCHRONIZING PLAYERS CONNECTED
SYNCHRONIZING PLAYERS CONNECTED
SYNCHRONIZING PLAYERS CONNECTED
SYNCHRONIZING PLAYERS CONNECTED
SYNCHRONIZING PLAYERS CONNECTED
SYNCHRONIZING PLAYERS CONNECTED
SYNCHRONIZING PLAYERS CONNECTED
SYNCHRONIZING PLAYERS CONNECTED
SYNCHRONIZING PLAYERS CONNECTED
SYNCHRONIZING PLAYERS CONNECTED
SYNCHRONIZING PLAYERS CONNECTED
SYNCHRONIZING PLAYERS CONNECTED
SYNCHRONIZING PLAYERS CONNECTED
SYNCHRONIZING PLAYERS CONNECTED
SYNCHRONIZING PLAYERS CONNECTED
SYNCHRONIZING PLAYERS CONNECTED
SYNCHRONIZING PLAYERS CONNECTED
SYNCHRONIZING PLAYERS CONNECTED
SYNCHRONIZING PLAYERS CONNECTED
SYNCHRONIZING PLAYERS CONNECTED
SYNCHRONIZING PLAYERS CONNECTED
SYNCHRONIZING PLAYERS CONNECTED
SYNCHRONIZING PLAYERS CONNECTED
SYNCHRONIZING PLAYERS CONNECTED
SYNCHRONIZING PLAYERS CONNECTED
SYNCHRONIZING PLAYERS CONNECTED
SYNCHRONIZING PLAYERS CONNECTED
SYNCHRONIZING PLAYERS CONNECTED
SYNCHRONIZING PLAYERS CONNECTED
SYNCHRONIZING PLAYERS CONNECTED
SYNCHRONIZING PLAYERS CONNECTED
SYNCHRONIZING PLAYERS CONNECTED
SYNCHRONIZING PLAYERS CONNECTED
SYNCHRONIZING PLAYERS CONNECTED
SYNCHRONIZING PLAYERS CONNECTED
SYNCHRONIZING PLAYERS CONNECTED
SYNCHRONIZING PLAYERS CONNECTED
SYNCHRONIZING PLAYERS CONNECTED
SYNCHRONIZING PLAYERS CONNECTED
SYNCHRONIZING PLAYERS CONNECTED
SYNCHRONIZING PLAYERS CONNECTED
SYNCHRONIZING PLAYERS CONNECTED
SYNCHRONIZING PLAYERS CONNECTED
SYNCHRONIZING PLAYERS CONNECTED
SYNCHRONIZING PLAYERS CONNECTED
SYNCHRONIZING PLAYERS CONNECTED
SYNCHRONIZING PLAYERS CONNECTED
SYNCHRONIZING PLAYERS CONNECTED
SYNCHRONIZING PLAYERS CONNECTED
SYNCHRONIZING PLAYERS CONNECTED
SYNCHRONIZING PLAYERS CONNECTED
SYNCHRONIZING PLAYERS CONNECTED
SYNCHRONIZING PLAYERS CONNECTED
SYNCHRONIZING PLAYERS CONNECTED
SYNCHRONIZING PLAYERS CONNECTED
SYNCHRONIZING PLAYERS CONNECTED
SYNCHRONIZING PLAYERS CONNECTED
SYNCHRONIZING PLAYERS CONNECTED
SYNCHRONIZING PLAYERS CONNECTED
SYNCHRONIZING PLAYERS CONNECTED
SYNCHRONIZING PLAYERS CONNECTED
SYNCHRONIZING PLAYERS CONNECTED
SYNCHRONIZING PLAYERS CONNECTED
SYNCHRONIZING PLAYERS CONNECTED
SYNCHRONIZING PLAYERS CONNECTED
SYNCHRONIZING PLAYERS CONNECTED
SYNCHRONIZING PLAYERS CONNECTED
SYNCHRONIZING PLAYERS CONNECTED
SYNCHRONIZING PLAYERS CONNECTED
SYNCHRONIZING PLAYERS CONNECTED
SYNCHRONIZING PLAYERS CONNECTED
SYNCHRONIZING PLAYERS CONNECTED
SYNCHRONIZING PLAYERS CONNECTED
SYNCHRONIZING PLAYERS CONNECTED
SYNCHRONIZING PLAYERS CONNECTED
SYNCHRONIZING PLAYERS CONNECTED
SYNCHRONIZING PLAYERS CONNECTED
SYNCHRONIZING PLAYERS CONNECTED
SYNCHRONIZING PLAYERS CONNECTED
SYNCHRONIZING PLAYERS CONNECTED
SYNCHRONIZING PLAYERS CONNECTED
SYNCHRONIZING PLAYERS CONNECTED
SYNCHRONIZING PLAYERS CONNECTED
SYNCHRONIZING PLAYERS CONNECTED
SYNCHRONIZING PLAYERS CONNECTED
SYNCHRONIZING PLAYERS CONNECTED
SYNCHRONIZING PLAYERS CONNECTED
SYNCHRONIZING PLAYERS CONNECTED
SYNCHRONIZING PLAYERS CONNECTED
SYNCHRONIZING PLAYERS CONNECTED
SYNCHRONIZING PLAYERS CONNECTED
SYNCHRONIZING PLAYERS CONNECTED
SYNCHRONIZING PLAYERS CONNECTED
SYNCHRONIZING PLAYERS CONNECTED
SYNCHRONIZING PLAYERS CONNECTED
SYNCHRONIZING PLAYERS CONNECTED
SYNCHRONIZING PLAYERS CONNECTED
SYNCHRONIZING PLAYERS CONNECTED
SYNCHRONIZING PLAYERS CONNECTED
SYNCHRONIZING PLAYERS CONNECTED
SYNCHRONIZING PLAYERS CONNECTED
SYNCHRONIZING PLAYERS CONNECTED
SYNCHRONIZING PLAYERS CONNECTED
SYNCHRONIZING PLAYERS CONNECTED
SYNCHRONIZING PLAYERS CONNECTED
SYNCHRONIZING PLAYERS CONNECTED
SYNCHRONIZING PLAYERS CONNECTED
SYNCHRONIZING PLAYERS CONNECTED
SYNCHRONIZING PLAYERS CONNECTED
SYNCHRONIZING PLAYERS CONNECTED
SYNCHRONIZING PLAYERS CONNECTED
SYNCHRONIZING PLAYERS CONNECTED
SYNCHRONIZING PLAYERS CONNECTED
SYNCHRONIZING PLAYERS CONNECTED
SYNCHRONIZING PLAYERS CONNECTED
SYNCHRONIZING PLAYERS CONNECTED
SYNCHRONIZING PLAYERS CONNECTED
SYNCHRONIZING PLAYERS CONNECTED
SYNCHRONIZING PLAYERS CONNECTED
SYNCHRONIZING PLAYERS CONNECTED
SYNCHRONIZING PLAYERS CONNECTED
SYNCHRONIZING PLAYERS CONNECTED
SYNCHRONIZING PLAYERS CONNECTED
SYNCHRONIZING PLAYERS CONNECTED
SYNCHRONIZING PLAYERS CONNECTED
SYNCHRONIZING PLAYERS CONNECTED
SYNCHRONIZING PLAYERS CONNECTED
SYNCHRONIZING PLAYERS CONNECTED
SYNCHRONIZING PLAYERS CONNECTED
SYNCHRONIZING PLAYERS CONNECTED
SYNCHRONIZING PLAYERS CONNECTED
SYNCHRONIZING PLAYERS CONNECTED
SYNCHRONIZING PLAYERS CONNECTED
SYNCHRONIZING PLAYERS CONNECTED
SYNCHRONIZING PLAYERS CONNECTED
SYNCHRONIZING PLAYERS CONNECTED
SYNCHRONIZING PLAYERS CONNECTED
SYNCHRONIZING PLAYERS CONNECTED
SYNCHRONIZING PLAYERS CONNECTED
SYNCHRONIZING PLAYERS CONNECTED
SYNCHRONIZING PLAYERS CONNECTED
SYNCHRONIZING PLAYERS CONNECTED
SYNCHRONIZING PLAYERS CONNECTED
SYNCHRONIZING PLAYERS CONNECTED
SYNCHRONIZING PLAYERS CONNECTED
SYNCHRONIZING PLAYERS CONNECTED
SYNCHRONIZING PLAYERS CONNECTED
SYNCHRONIZING PLAYERS CONNECTED
SYNCHRONIZING PLAYERS CONNECTED
SYNCHRONIZING PLAYERS CONNECTED
SYNCHRONIZING PLAYERS CONNECTED
SYNCHRONIZING PLAYERS CONNECTED
SYNCHRONIZING PLAYERS CONNECTED
SYNCHRONIZING PLAYERS CONNECTED
SYNCHRONIZING PLAYERS CONNECTED
SYNCHRONIZING PLAYERS CONNECTED
SYNCHRONIZING PLAYERS CONNECTED
SYNCHRONIZING PLAYERS CONNECTED
SYNCHRONIZING PLAYERS CONNECTED
SYNCHRONIZING PLAYERS CONNECTED
SYNCHRONIZING PLAYERS CONNECTED
SYNCHRONIZING PLAYERS CONNECTED
SYNCHRONIZING PLAYERS CONNECTED
SYNCHRONIZING PLAYERS CONNECTED
SYNCHRONIZING PLAYERS CONNECTED
SYNCHRONIZING PLAYERS CONNECTED
SYNCHRONIZING PLAYERS CONNECTED
SYNCHRONIZING PLAYERS CONNECTED
SYNCHRONIZING PLAYERS CONNECTED
SYNCHRONIZING PLAYERS CONNECTED
SYNCHRONIZING PLAYERS CONNECTED
SYNCHRONIZING PLAYERS CONNECTED
SYNCHRONIZING PLAYERS CONNECTED
SYNCHRONIZING PLAYERS CONNECTED
SYNCHRONIZING PLAYERS CONNECTED
SYNCHRONIZING PLAYERS CONNECTED
SYNCHRONIZING PLAYERS CONNECTED
SYNCHRONIZING PLAYERS CONNECTED
SYNCHRONIZING PLAYERS CONNECTED
SYNCHRONIZING PLAYERS CONNECTED
SYNCHRONIZING PLAYERS CONNECTED
SYNCHRONIZING PLAYERS CONNECTED
SYNCHRONIZING PLAYERS CONNECTED
SYNCHRONIZING PLAYERS CONNECTED
SYNCHRONIZING PLAYERS CONNECTED
SYNCHRONIZING PLAYERS CONNECTED
SYNCHRONIZING PLAYERS CONNECTED
SYNCHRONIZING PLAYERS CONNECTED
SYNCHRONIZING PLAYERS CONNECTED
SYNCHRONIZING PLAYERS CONNECTED
SYNCHRONIZING PLAYERS CONNECTED
SYNCHRONIZING PLAYERS CONNECTED
SYNCHRONIZING PLAYERS CONNECTED
SYNCHRONIZING PLAYERS CONNECTED
SYNCHRONIZING PLAYERS CONNECTED
SYNCHRONIZING PLAYERS CONNECTED
SYNCHRONIZING PLAYERS CONNECTED
SYNCHRONIZING PLAYERS CONNECTED
SYNCHRONIZING PLAYERS CONNECTED
SYNCHRONIZING PLAYERS CONNECTED
SYNCHRONIZING PLAYERS CONNECTED
SYNCHRONIZING PLAYERS CONNECTED
SYNCHRONIZING PLAYERS CONNECTED
SYNCHRONIZING PLAYERS CONNECTED
SYNCHRONIZING PLAYERS CONNECTED
SYNCHRONIZING PLAYERS CONNECTED
SYNCHRONIZING PLAYERS CONNECTED
SYNCHRONIZING PLAYERS CONNECTED
SYNCHRONIZING PLAYERS CONNECTED
SYNCHRONIZING PLAYERS CONNECTED
SYNCHRONIZING PLAYERS CONNECTED
SYNCHRONIZING PLAYERS CONNECTED
SYNCHRONIZING PLAYERS CONNECTED
SYNCHRONIZING PLAYERS CONNECTED
SYNCHRONIZING PLAYERS CONNECTED
SYNCHRONIZING PLAYERS CONNECTED
SYNCHRONIZING PLAYERS CONNECTED
SYNCHRONIZING PLAYERS CONNECTED
SYNCHRONIZING PLAYERS CONNECTED
SYNCHRONIZING PLAYERS CONNECTED
SYNCHRONIZING PLAYERS CONNECTED
SYNCHRONIZING PLAYERS CONNECTED
SYNCHRONIZING PLAYERS CONNECTED
SYNCHRONIZING PLAYERS CONNECTED
SYNCHRONIZING PLAYERS CONNECTED
SYNCHRONIZING PLAYERS CONNECTED
SYNCHRONIZING PLAYERS CONNECTED
SYNCHRONIZING PLAYERS CONNECTED
SYNCHRONIZING PLAYERS CONNECTED
SYNCHRONIZING PLAYERS CONNECTED
SYNCHRONIZING PLAYERS CONNECTED
SYNCHRONIZING PLAYERS CONNECTED
SYNCHRONIZING PLAYERS CONNECTED
SYNCHRONIZING PLAYERS CONNECTED
SYNCHRONIZING PLAYERS CONNECTED
SYNCHRONIZING PLAYERS CONNECTED
SYNCHRONIZING PLAYERS CONNECTED
SYNCHRONIZING PLAYERS CONNECTED
SYNCHRONIZING PLAYERS CONNECTED
SYNCHRONIZING PLAYERS CONNECTED
SYNCHRONIZING PLAYERS CONNECTED
SYNCHRONIZING PLAYERS CONNECTED
SYNCHRONIZING PLAYERS CONNECTED
SYNCHRONIZING PLAYERS CONNECTED
SYNCHRONIZING PLAYERS CONNECTED
SYNCHRONIZING PLAYERS CONNECTED
SYNCHRONIZING PLAYERS CONNECTED
SYNCHRONIZING PLAYERS CONNECTED
SYNCHRONIZING PLAYERS CONNECTED
SYNCHRONIZING PLAYERS CONNECTED
SYNCHRONIZING PLAYERS CONNECTED
SYNCHRONIZING PLAYERS CONNECTED
SYNCHRONIZING PLAYERS CONNECTED
SYNCHRONIZING PLAYERS CONNECTED
SYNCHRONIZING PLAYERS CONNECTED
SYNCHRONIZING PLAYERS CONNECTED
SYNCHRONIZING PLAYERS CONNECTED
SYNCHRONIZING PLAYERS CONNECTED
SYNCHRONIZING PLAYERS CONNECTED
SYNCHRONIZING PLAYERS CONNECTED
SYNCHRONIZING PLAYERS CONNECTED
SYNCHRONIZING PLAYERS CONNECTED
SYNCHRONIZING PLAYERS CONNECTED
SYNCHRONIZING PLAYERS CONNECTED
SYNCHRONIZING PLAYERS CONNECTED
SYNCHRONIZING PLAYERS CONNECTED
SYNCHRONIZING PLAYERS CONNECTED
SYNCHRONIZING PLAYERS CONNECTED
SYNCHRONIZING PLAYERS CONNECTED
SYNCHRONIZING PLAYERS CONNECTED
SYNCHRONIZING PLAYERS CONNECTED
SYNCHRONIZING PLAYERS CONNECTED
SYNCHRONIZING PLAYERS CONNECTED
SYNCHRONIZING PLAYERS CONNECTED
SYNCHRONIZING PLAYERS CONNECTED
SYNCHRONIZING PLAYERS CONNECTED
SYNCHRONIZING PLAYERS CONNECTED
SYNCHRONIZING PLAYERS CONNECTED
SYNCHRONIZING PLAYERS CONNECTED
SYNCHRONIZING PLAYERS CONNECTED
SYNCHRONIZING PLAYERS CONNECTED
SYNCHRONIZING PLAYERS CONNECTED
SYNCHRONIZING PLAYERS CONNECTED
SYNCHRONIZING PLAYERS CONNECTED
SYNCHRONIZING PLAYERS CONNECTED
SYNCHRONIZING PLAYERS CONNECTED
SYNCHRONIZING PLAYERS CONNECTED
SYNCHRONIZING PLAYERS CONNECTED
SYNCHRONIZING PLAYERS CONNECTED
SYNCHRONIZING PLAYERS CONNECTED
SYNCHRONIZING PLAYERS CONNECTED
SYNCHRONIZING PLAYERS CONNECTED
SYNCHRONIZING PLAYERS CONNECTED
SYNCHRONIZING PLAYERS CONNECTED
SYNCHRONIZING PLAYERS CONNECTED
SYNCHRONIZING PLAYERS CONNECTED
SYNCHRONIZING PLAYERS CONNECTED
SYNCHRONIZING PLAYERS CONNECTED
SYNCHRONIZING PLAYERS CONNECTED
SYNCHRONIZING PLAYERS CONNECTED
SYNCHRONIZING PLAYERS CONNECTED
SYNCHRONIZING PLAYERS CONNECTED
SYNCHRONIZING PLAYERS CONNECTED
SYNCHRONIZING PLAYERS CONNECTED
SYNCHRONIZING PLAYERS CONNECTED
SYNCHRONIZING PLAYERS CONNECTED
SYNCHRONIZING PLAYERS CONNECTED
SYNCHRONIZING PLAYERS CONNECTED
SYNCHRONIZING PLAYERS CONNECTED
SYNCHRONIZING PLAYERS CONNECTED
SYNCHRONIZING PLAYERS CONNECTED
SYNCHRONIZING PLAYERS CONNECTED
SYNCHRONIZING PLAYERS CONNECTED
SYNCHRONIZING PLAYERS CONNECTED
SYNCHRONIZING PLAYERS CONNECTED
SYNCHRONIZING PLAYERS CONNECTED
SYNCHRONIZING PLAYERS CONNECTED
SYNCHRONIZING PLAYERS CONNECTED
