SYNCHRONIZING PLAYERS CONNECTED
SYNCHRONIZING PLAYERS CONNECTED
SYNCHRONIZING PLAYERS CONNECTED
SYNCHRONIZING PLAYERS CONNECTED
not enough players in tdm_lobby to start a fresh match
checking for joinable matches
	..checking: tdm1
		joinable: false, socketsInRoom: 0
	..checking: tdm2
		joinable: false, socketsInRoom: 0
	..checking: tdm3
		joinable: false, socketsInRoom: 0
	..checking: tdm4
		joinable: false, socketsInRoom: 0
	..checking: tdm5
		joinable: false, socketsInRoom: 0
	..checking: tdm6
		joinable: false, socketsInRoom: 0
	..checking: tdm7
		joinable: false, socketsInRoom: 0
	..checking: tdm8
		joinable: false, socketsInRoom: 0
	...none found
SYNCHRONIZING PLAYERS CONNECTED
not enough players in tdm_lobby to start a fresh match
checking for joinable matches
	..checking: tdm1
		joinable: false, socketsInRoom: 0
	..checking: tdm2
		joinable: false, socketsInRoom: 0
	..checking: tdm3
		joinable: false, socketsInRoom: 0
	..checking: tdm4
		joinable: false, socketsInRoom: 0
	..checking: tdm5
		joinable: false, socketsInRoom: 0
	..checking: tdm6
		joinable: false, socketsInRoom: 0
	..checking: tdm7
		joinable: false, socketsInRoom: 0
	..checking: tdm8
		joinable: false, socketsInRoom: 0
	...none found
SYNCHRONIZING PLAYERS CONNECTED
SYNCHRONIZING PLAYERS CONNECTED

enough players in tdm_lobby to start a match
grouping tdm_lobby sockets
looking for a joinable game room...
	..checking: tdm1
		joinable: false, socketsInRoom: 0
	..checking: tdm2
		joinable: false, socketsInRoom: 0
	..checking: tdm3
		joinable: false, socketsInRoom: 0
	..checking: tdm4
		joinable: false, socketsInRoom: 0
	..checking: tdm5
		joinable: false, socketsInRoom: 0
	..checking: tdm6
		joinable: false, socketsInRoom: 0
	..checking: tdm7
		joinable: false, socketsInRoom: 0
	..checking: tdm8
		joinable: false, socketsInRoom: 0
done searching
no joinable game rooms ... looking for an empty game room...
migrating 2 players to game room: tdm1
generalMessage : goto_lobby : 0
SYNCHRONIZING PLAYERS CONNECTED
Reassigning pNum: face : 0
Reassigning pNum: balls : 1
SYNCHRONIZING PLAYERS CONNECTED
SYNCHRONIZING PLAYERS CONNECTED

enough players in tdm_lobby to start a match
grouping tdm_lobby sockets
looking for a joinable game room...
	..checking: tdm1
		joinable: true, socketsInRoom: 2
		2 prospective incoming players ... 
			tdm1 is joinable for 2
done searching
found a joinable room
found joinable preexisting match for 2 new players
attempting to join room: tdm1
using face for newly joined player data synchronization
bringing 2 players to game room: tdm1
generalMessage : goto_lobby : 0
generalMessage : goto_lobby : 0
generalMessage : goto_lobby : 0
Reassigning pNum: face : 1
Reassigning pNum: balls : 2
Reassigning pNum: kyle : 3
Reassigning pNum: butt : 0
{ name: 'objUpdate',
  oid_string: '2:3135069',
  object_index: 2,
  uniqueId: 3135069,
  netvar: 'pNum',
  val: 1,
  flag: 0 }
[object Object] gameRoom = tdm1
{ name: 'objUpdate',
  oid_string: '2:93502036',
  object_index: 2,
  uniqueId: 93502036,
  netvar: 'pNum',
  val: 2,
  flag: 0 }
[object Object] gameRoom = tdm1
{ name: 'objUpdate',
  oid_string: '2:3307367',
  object_index: 2,
  uniqueId: 3307367,
  netvar: 'pNum',
  val: 3,
  flag: 0 }
[object Object] gameRoom = tdm1
{ name: 'objUpdate',
  oid_string: '2:3035667',
  object_index: 2,
  uniqueId: 3035667,
  netvar: 'pNum',
  val: 0,
  flag: 0 }
[object Object] gameRoom = tdm1
SYNCHRONIZING PLAYERS CONNECTED
recreating preexisting avatars for newly joined players
	recreating face
		..for kyle
			emitted create
		..for butt
			emitted create
	recreating balls
		..for kyle
			emitted create
		..for butt
			emitted create
	NOT recreating kyle
	NOT recreating butt
id_shuffler = [object Object]
recomputing playerSubGroup to be inclusive of newly joined players
new playerSubGroup: 4 players
face: match still good
balls: match still good
kyle: match still good
butt: match still good
generalMessage : lock_armory : 0
recomputing playerSubGroup to be inclusive of newly joined players
new playerSubGroup: 4 players
face: match still good
balls: match still good
kyle: match still good
butt: match still good
selected map number:  5
generalMessage : goto_map : 5
creating player face, #1
creating player balls, #2
creating player kyle, #3
creating player butt, #0
SYNCHRONIZING PLAYERS CONNECTED
SYNCHRONIZING PLAYERS CONNECTED
SYNCHRONIZING PLAYERS CONNECTED
SYNCHRONIZING PLAYERS CONNECTED
SYNCHRONIZING PLAYERS CONNECTED
SYNCHRONIZING PLAYERS CONNECTED
SYNCHRONIZING PLAYERS CONNECTED
SYNCHRONIZING PLAYERS CONNECTED
SYNCHRONIZING PLAYERS CONNECTED
SYNCHRONIZING PLAYERS CONNECTED
SYNCHRONIZING PLAYERS CONNECTED
SYNCHRONIZING PLAYERS CONNECTED
SYNCHRONIZING PLAYERS CONNECTED
SYNCHRONIZING PLAYERS CONNECTED
SYNCHRONIZING PLAYERS CONNECTED
SYNCHRONIZING PLAYERS CONNECTED
SYNCHRONIZING PLAYERS CONNECTED
SYNCHRONIZING PLAYERS CONNECTED
SYNCHRONIZING PLAYERS CONNECTED
SYNCHRONIZING PLAYERS CONNECTED
SYNCHRONIZING PLAYERS CONNECTED
SYNCHRONIZING PLAYERS CONNECTED
SYNCHRONIZING PLAYERS CONNECTED
SYNCHRONIZING PLAYERS CONNECTED
SYNCHRONIZING PLAYERS CONNECTED
SYNCHRONIZING PLAYERS CONNECTED
SYNCHRONIZING PLAYERS CONNECTED
SYNCHRONIZING PLAYERS CONNECTED
SYNCHRONIZING PLAYERS CONNECTED
SYNCHRONIZING PLAYERS CONNECTED
SYNCHRONIZING PLAYERS CONNECTED
SYNCHRONIZING PLAYERS CONNECTED
SYNCHRONIZING PLAYERS CONNECTED
SYNCHRONIZING PLAYERS CONNECTED
SYNCHRONIZING PLAYERS CONNECTED
SYNCHRONIZING PLAYERS CONNECTED
SYNCHRONIZING PLAYERS CONNECTED
SYNCHRONIZING PLAYERS CONNECTED
SYNCHRONIZING PLAYERS CONNECTED
SYNCHRONIZING PLAYERS CONNECTED
SYNCHRONIZING PLAYERS CONNECTED
SYNCHRONIZING PLAYERS CONNECTED
SYNCHRONIZING PLAYERS CONNECTED
SYNCHRONIZING PLAYERS CONNECTED
SYNCHRONIZING PLAYERS CONNECTED
SYNCHRONIZING PLAYERS CONNECTED
SYNCHRONIZING PLAYERS CONNECTED
SYNCHRONIZING PLAYERS CONNECTED
SYNCHRONIZING PLAYERS CONNECTED
SYNCHRONIZING PLAYERS CONNECTED
SYNCHRONIZING PLAYERS CONNECTED
SYNCHRONIZING PLAYERS CONNECTED
SYNCHRONIZING PLAYERS CONNECTED
SYNCHRONIZING PLAYERS CONNECTED
SYNCHRONIZING PLAYERS CONNECTED
SYNCHRONIZING PLAYERS CONNECTED
SYNCHRONIZING PLAYERS CONNECTED
SYNCHRONIZING PLAYERS CONNECTED
SYNCHRONIZING PLAYERS CONNECTED
SYNCHRONIZING PLAYERS CONNECTED
SYNCHRONIZING PLAYERS CONNECTED
SYNCHRONIZING PLAYERS CONNECTED
SYNCHRONIZING PLAYERS CONNECTED
SYNCHRONIZING PLAYERS CONNECTED
SYNCHRONIZING PLAYERS CONNECTED
SYNCHRONIZING PLAYERS CONNECTED
SYNCHRONIZING PLAYERS CONNECTED
SYNCHRONIZING PLAYERS CONNECTED
SYNCHRONIZING PLAYERS CONNECTED
SYNCHRONIZING PLAYERS CONNECTED
SYNCHRONIZING PLAYERS CONNECTED
SYNCHRONIZING PLAYERS CONNECTED
SYNCHRONIZING PLAYERS CONNECTED
SYNCHRONIZING PLAYERS CONNECTED
SYNCHRONIZING PLAYERS CONNECTED
SYNCHRONIZING PLAYERS CONNECTED
SYNCHRONIZING PLAYERS CONNECTED
SYNCHRONIZING PLAYERS CONNECTED
SYNCHRONIZING PLAYERS CONNECTED
SYNCHRONIZING PLAYERS CONNECTED
SYNCHRONIZING PLAYERS CONNECTED
SYNCHRONIZING PLAYERS CONNECTED
SYNCHRONIZING PLAYERS CONNECTED
SYNCHRONIZING PLAYERS CONNECTED
SYNCHRONIZING PLAYERS CONNECTED
SYNCHRONIZING PLAYERS CONNECTED
SYNCHRONIZING PLAYERS CONNECTED
SYNCHRONIZING PLAYERS CONNECTED
SYNCHRONIZING PLAYERS CONNECTED
SYNCHRONIZING PLAYERS CONNECTED
SYNCHRONIZING PLAYERS CONNECTED
SYNCHRONIZING PLAYERS CONNECTED
SYNCHRONIZING PLAYERS CONNECTED
SYNCHRONIZING PLAYERS CONNECTED
SYNCHRONIZING PLAYERS CONNECTED
SYNCHRONIZING PLAYERS CONNECTED
SYNCHRONIZING PLAYERS CONNECTED
SYNCHRONIZING PLAYERS CONNECTED
SYNCHRONIZING PLAYERS CONNECTED
SYNCHRONIZING PLAYERS CONNECTED
SYNCHRONIZING PLAYERS CONNECTED
SYNCHRONIZING PLAYERS CONNECTED
SYNCHRONIZING PLAYERS CONNECTED
SYNCHRONIZING PLAYERS CONNECTED
SYNCHRONIZING PLAYERS CONNECTED
SYNCHRONIZING PLAYERS CONNECTED
SYNCHRONIZING PLAYERS CONNECTED
SYNCHRONIZING PLAYERS CONNECTED
SYNCHRONIZING PLAYERS CONNECTED
SYNCHRONIZING PLAYERS CONNECTED
SYNCHRONIZING PLAYERS CONNECTED
SYNCHRONIZING PLAYERS CONNECTED
SYNCHRONIZING PLAYERS CONNECTED
SYNCHRONIZING PLAYERS CONNECTED
SYNCHRONIZING PLAYERS CONNECTED
SYNCHRONIZING PLAYERS CONNECTED
SYNCHRONIZING PLAYERS CONNECTED
SYNCHRONIZING PLAYERS CONNECTED
SYNCHRONIZING PLAYERS CONNECTED
SYNCHRONIZING PLAYERS CONNECTED
SYNCHRONIZING PLAYERS CONNECTED
SYNCHRONIZING PLAYERS CONNECTED
SYNCHRONIZING PLAYERS CONNECTED
SYNCHRONIZING PLAYERS CONNECTED
SYNCHRONIZING PLAYERS CONNECTED
SYNCHRONIZING PLAYERS CONNECTED
SYNCHRONIZING PLAYERS CONNECTED
SYNCHRONIZING PLAYERS CONNECTED
SYNCHRONIZING PLAYERS CONNECTED
SYNCHRONIZING PLAYERS CONNECTED
SYNCHRONIZING PLAYERS CONNECTED
SYNCHRONIZING PLAYERS CONNECTED
SYNCHRONIZING PLAYERS CONNECTED
SYNCHRONIZING PLAYERS CONNECTED
SYNCHRONIZING PLAYERS CONNECTED
SYNCHRONIZING PLAYERS CONNECTED
SYNCHRONIZING PLAYERS CONNECTED
SYNCHRONIZING PLAYERS CONNECTED
SYNCHRONIZING PLAYERS CONNECTED
SYNCHRONIZING PLAYERS CONNECTED
SYNCHRONIZING PLAYERS CONNECTED
SYNCHRONIZING PLAYERS CONNECTED
SYNCHRONIZING PLAYERS CONNECTED
SYNCHRONIZING PLAYERS CONNECTED
SYNCHRONIZING PLAYERS CONNECTED
SYNCHRONIZING PLAYERS CONNECTED
SYNCHRONIZING PLAYERS CONNECTED
SYNCHRONIZING PLAYERS CONNECTED
SYNCHRONIZING PLAYERS CONNECTED
SYNCHRONIZING PLAYERS CONNECTED
SYNCHRONIZING PLAYERS CONNECTED
SYNCHRONIZING PLAYERS CONNECTED
SYNCHRONIZING PLAYERS CONNECTED
SYNCHRONIZING PLAYERS CONNECTED
SYNCHRONIZING PLAYERS CONNECTED
SYNCHRONIZING PLAYERS CONNECTED
SYNCHRONIZING PLAYERS CONNECTED
SYNCHRONIZING PLAYERS CONNECTED
SYNCHRONIZING PLAYERS CONNECTED
SYNCHRONIZING PLAYERS CONNECTED
SYNCHRONIZING PLAYERS CONNECTED
SYNCHRONIZING PLAYERS CONNECTED
SYNCHRONIZING PLAYERS CONNECTED
SYNCHRONIZING PLAYERS CONNECTED
SYNCHRONIZING PLAYERS CONNECTED
SYNCHRONIZING PLAYERS CONNECTED
SYNCHRONIZING PLAYERS CONNECTED
SYNCHRONIZING PLAYERS CONNECTED
SYNCHRONIZING PLAYERS CONNECTED
SYNCHRONIZING PLAYERS CONNECTED
SYNCHRONIZING PLAYERS CONNECTED
SYNCHRONIZING PLAYERS CONNECTED
SYNCHRONIZING PLAYERS CONNECTED
SYNCHRONIZING PLAYERS CONNECTED
SYNCHRONIZING PLAYERS CONNECTED
SYNCHRONIZING PLAYERS CONNECTED
SYNCHRONIZING PLAYERS CONNECTED
SYNCHRONIZING PLAYERS CONNECTED
SYNCHRONIZING PLAYERS CONNECTED
SYNCHRONIZING PLAYERS CONNECTED
SYNCHRONIZING PLAYERS CONNECTED
SYNCHRONIZING PLAYERS CONNECTED
SYNCHRONIZING PLAYERS CONNECTED
SYNCHRONIZING PLAYERS CONNECTED
SYNCHRONIZING PLAYERS CONNECTED
SYNCHRONIZING PLAYERS CONNECTED
SYNCHRONIZING PLAYERS CONNECTED
SYNCHRONIZING PLAYERS CONNECTED
SYNCHRONIZING PLAYERS CONNECTED
SYNCHRONIZING PLAYERS CONNECTED
SYNCHRONIZING PLAYERS CONNECTED
SYNCHRONIZING PLAYERS CONNECTED
SYNCHRONIZING PLAYERS CONNECTED
SYNCHRONIZING PLAYERS CONNECTED
SYNCHRONIZING PLAYERS CONNECTED
SYNCHRONIZING PLAYERS CONNECTED
SYNCHRONIZING PLAYERS CONNECTED
SYNCHRONIZING PLAYERS CONNECTED
SYNCHRONIZING PLAYERS CONNECTED
SYNCHRONIZING PLAYERS CONNECTED
SYNCHRONIZING PLAYERS CONNECTED
SYNCHRONIZING PLAYERS CONNECTED
SYNCHRONIZING PLAYERS CONNECTED
SYNCHRONIZING PLAYERS CONNECTED
SYNCHRONIZING PLAYERS CONNECTED
SYNCHRONIZING PLAYERS CONNECTED
SYNCHRONIZING PLAYERS CONNECTED
SYNCHRONIZING PLAYERS CONNECTED
SYNCHRONIZING PLAYERS CONNECTED
SYNCHRONIZING PLAYERS CONNECTED
SYNCHRONIZING PLAYERS CONNECTED
SYNCHRONIZING PLAYERS CONNECTED
SYNCHRONIZING PLAYERS CONNECTED
SYNCHRONIZING PLAYERS CONNECTED
SYNCHRONIZING PLAYERS CONNECTED
SYNCHRONIZING PLAYERS CONNECTED
SYNCHRONIZING PLAYERS CONNECTED
SYNCHRONIZING PLAYERS CONNECTED
SYNCHRONIZING PLAYERS CONNECTED
SYNCHRONIZING PLAYERS CONNECTED
SYNCHRONIZING PLAYERS CONNECTED
SYNCHRONIZING PLAYERS CONNECTED
SYNCHRONIZING PLAYERS CONNECTED
SYNCHRONIZING PLAYERS CONNECTED
SYNCHRONIZING PLAYERS CONNECTED
SYNCHRONIZING PLAYERS CONNECTED
SYNCHRONIZING PLAYERS CONNECTED
SYNCHRONIZING PLAYERS CONNECTED
SYNCHRONIZING PLAYERS CONNECTED
SYNCHRONIZING PLAYERS CONNECTED
SYNCHRONIZING PLAYERS CONNECTED
SYNCHRONIZING PLAYERS CONNECTED
SYNCHRONIZING PLAYERS CONNECTED
SYNCHRONIZING PLAYERS CONNECTED
SYNCHRONIZING PLAYERS CONNECTED
SYNCHRONIZING PLAYERS CONNECTED
SYNCHRONIZING PLAYERS CONNECTED
SYNCHRONIZING PLAYERS CONNECTED
SYNCHRONIZING PLAYERS CONNECTED
SYNCHRONIZING PLAYERS CONNECTED
SYNCHRONIZING PLAYERS CONNECTED
SYNCHRONIZING PLAYERS CONNECTED
SYNCHRONIZING PLAYERS CONNECTED
SYNCHRONIZING PLAYERS CONNECTED
SYNCHRONIZING PLAYERS CONNECTED
SYNCHRONIZING PLAYERS CONNECTED
SYNCHRONIZING PLAYERS CONNECTED
SYNCHRONIZING PLAYERS CONNECTED
SYNCHRONIZING PLAYERS CONNECTED
SYNCHRONIZING PLAYERS CONNECTED
SYNCHRONIZING PLAYERS CONNECTED
SYNCHRONIZING PLAYERS CONNECTED
SYNCHRONIZING PLAYERS CONNECTED
SYNCHRONIZING PLAYERS CONNECTED
SYNCHRONIZING PLAYERS CONNECTED
SYNCHRONIZING PLAYERS CONNECTED
SYNCHRONIZING PLAYERS CONNECTED
SYNCHRONIZING PLAYERS CONNECTED
SYNCHRONIZING PLAYERS CONNECTED
SYNCHRONIZING PLAYERS CONNECTED
SYNCHRONIZING PLAYERS CONNECTED
SYNCHRONIZING PLAYERS CONNECTED
SYNCHRONIZING PLAYERS CONNECTED
SYNCHRONIZING PLAYERS CONNECTED
SYNCHRONIZING PLAYERS CONNECTED
SYNCHRONIZING PLAYERS CONNECTED
SYNCHRONIZING PLAYERS CONNECTED
SYNCHRONIZING PLAYERS CONNECTED
SYNCHRONIZING PLAYERS CONNECTED
SYNCHRONIZING PLAYERS CONNECTED
SYNCHRONIZING PLAYERS CONNECTED
SYNCHRONIZING PLAYERS CONNECTED
SYNCHRONIZING PLAYERS CONNECTED
SYNCHRONIZING PLAYERS CONNECTED
SYNCHRONIZING PLAYERS CONNECTED
SYNCHRONIZING PLAYERS CONNECTED
SYNCHRONIZING PLAYERS CONNECTED
SYNCHRONIZING PLAYERS CONNECTED
SYNCHRONIZING PLAYERS CONNECTED
SYNCHRONIZING PLAYERS CONNECTED
SYNCHRONIZING PLAYERS CONNECTED
SYNCHRONIZING PLAYERS CONNECTED
SYNCHRONIZING PLAYERS CONNECTED
SYNCHRONIZING PLAYERS CONNECTED
SYNCHRONIZING PLAYERS CONNECTED
SYNCHRONIZING PLAYERS CONNECTED
SYNCHRONIZING PLAYERS CONNECTED
SYNCHRONIZING PLAYERS CONNECTED
SYNCHRONIZING PLAYERS CONNECTED
SYNCHRONIZING PLAYERS CONNECTED
SYNCHRONIZING PLAYERS CONNECTED
SYNCHRONIZING PLAYERS CONNECTED
SYNCHRONIZING PLAYERS CONNECTED
SYNCHRONIZING PLAYERS CONNECTED
SYNCHRONIZING PLAYERS CONNECTED
SYNCHRONIZING PLAYERS CONNECTED
SYNCHRONIZING PLAYERS CONNECTED
SYNCHRONIZING PLAYERS CONNECTED
SYNCHRONIZING PLAYERS CONNECTED
SYNCHRONIZING PLAYERS CONNECTED
SYNCHRONIZING PLAYERS CONNECTED
SYNCHRONIZING PLAYERS CONNECTED
SYNCHRONIZING PLAYERS CONNECTED
SYNCHRONIZING PLAYERS CONNECTED
SYNCHRONIZING PLAYERS CONNECTED
SYNCHRONIZING PLAYERS CONNECTED
SYNCHRONIZING PLAYERS CONNECTED
SYNCHRONIZING PLAYERS CONNECTED
SYNCHRONIZING PLAYERS CONNECTED
SYNCHRONIZING PLAYERS CONNECTED
SYNCHRONIZING PLAYERS CONNECTED
SYNCHRONIZING PLAYERS CONNECTED
SYNCHRONIZING PLAYERS CONNECTED
SYNCHRONIZING PLAYERS CONNECTED
SYNCHRONIZING PLAYERS CONNECTED
SYNCHRONIZING PLAYERS CONNECTED
SYNCHRONIZING PLAYERS CONNECTED
SYNCHRONIZING PLAYERS CONNECTED
SYNCHRONIZING PLAYERS CONNECTED
SYNCHRONIZING PLAYERS CONNECTED
SYNCHRONIZING PLAYERS CONNECTED
SYNCHRONIZING PLAYERS CONNECTED
SYNCHRONIZING PLAYERS CONNECTED
SYNCHRONIZING PLAYERS CONNECTED
SYNCHRONIZING PLAYERS CONNECTED
SYNCHRONIZING PLAYERS CONNECTED
SYNCHRONIZING PLAYERS CONNECTED
SYNCHRONIZING PLAYERS CONNECTED
SYNCHRONIZING PLAYERS CONNECTED
SYNCHRONIZING PLAYERS CONNECTED
SYNCHRONIZING PLAYERS CONNECTED
SYNCHRONIZING PLAYERS CONNECTED
SYNCHRONIZING PLAYERS CONNECTED
SYNCHRONIZING PLAYERS CONNECTED
SYNCHRONIZING PLAYERS CONNECTED
SYNCHRONIZING PLAYERS CONNECTED
SYNCHRONIZING PLAYERS CONNECTED
SYNCHRONIZING PLAYERS CONNECTED
SYNCHRONIZING PLAYERS CONNECTED
SYNCHRONIZING PLAYERS CONNECTED
SYNCHRONIZING PLAYERS CONNECTED
SYNCHRONIZING PLAYERS CONNECTED
SYNCHRONIZING PLAYERS CONNECTED
SYNCHRONIZING PLAYERS CONNECTED
SYNCHRONIZING PLAYERS CONNECTED
SYNCHRONIZING PLAYERS CONNECTED
SYNCHRONIZING PLAYERS CONNECTED
SYNCHRONIZING PLAYERS CONNECTED
SYNCHRONIZING PLAYERS CONNECTED
SYNCHRONIZING PLAYERS CONNECTED
SYNCHRONIZING PLAYERS CONNECTED
SYNCHRONIZING PLAYERS CONNECTED
SYNCHRONIZING PLAYERS CONNECTED
SYNCHRONIZING PLAYERS CONNECTED
SYNCHRONIZING PLAYERS CONNECTED
SYNCHRONIZING PLAYERS CONNECTED
SYNCHRONIZING PLAYERS CONNECTED
SYNCHRONIZING PLAYERS CONNECTED
SYNCHRONIZING PLAYERS CONNECTED
SYNCHRONIZING PLAYERS CONNECTED
SYNCHRONIZING PLAYERS CONNECTED
SYNCHRONIZING PLAYERS CONNECTED
SYNCHRONIZING PLAYERS CONNECTED
SYNCHRONIZING PLAYERS CONNECTED
SYNCHRONIZING PLAYERS CONNECTED
SYNCHRONIZING PLAYERS CONNECTED
SYNCHRONIZING PLAYERS CONNECTED
SYNCHRONIZING PLAYERS CONNECTED
SYNCHRONIZING PLAYERS CONNECTED
SYNCHRONIZING PLAYERS CONNECTED
SYNCHRONIZING PLAYERS CONNECTED
SYNCHRONIZING PLAYERS CONNECTED
SYNCHRONIZING PLAYERS CONNECTED
SYNCHRONIZING PLAYERS CONNECTED
SYNCHRONIZING PLAYERS CONNECTED
SYNCHRONIZING PLAYERS CONNECTED
SYNCHRONIZING PLAYERS CONNECTED
SYNCHRONIZING PLAYERS CONNECTED
SYNCHRONIZING PLAYERS CONNECTED
SYNCHRONIZING PLAYERS CONNECTED
SYNCHRONIZING PLAYERS CONNECTED
SYNCHRONIZING PLAYERS CONNECTED
SYNCHRONIZING PLAYERS CONNECTED
SYNCHRONIZING PLAYERS CONNECTED
SYNCHRONIZING PLAYERS CONNECTED
SYNCHRONIZING PLAYERS CONNECTED
SYNCHRONIZING PLAYERS CONNECTED
SYNCHRONIZING PLAYERS CONNECTED
SYNCHRONIZING PLAYERS CONNECTED
SYNCHRONIZING PLAYERS CONNECTED
SYNCHRONIZING PLAYERS CONNECTED
SYNCHRONIZING PLAYERS CONNECTED
SYNCHRONIZING PLAYERS CONNECTED
SYNCHRONIZING PLAYERS CONNECTED
SYNCHRONIZING PLAYERS CONNECTED
SYNCHRONIZING PLAYERS CONNECTED
SYNCHRONIZING PLAYERS CONNECTED
SYNCHRONIZING PLAYERS CONNECTED
SYNCHRONIZING PLAYERS CONNECTED
SYNCHRONIZING PLAYERS CONNECTED
SYNCHRONIZING PLAYERS CONNECTED
SYNCHRONIZING PLAYERS CONNECTED
SYNCHRONIZING PLAYERS CONNECTED
SYNCHRONIZING PLAYERS CONNECTED
SYNCHRONIZING PLAYERS CONNECTED
SYNCHRONIZING PLAYERS CONNECTED
SYNCHRONIZING PLAYERS CONNECTED
SYNCHRONIZING PLAYERS CONNECTED
SYNCHRONIZING PLAYERS CONNECTED
SYNCHRONIZING PLAYERS CONNECTED
SYNCHRONIZING PLAYERS CONNECTED
SYNCHRONIZING PLAYERS CONNECTED
SYNCHRONIZING PLAYERS CONNECTED
SYNCHRONIZING PLAYERS CONNECTED
SYNCHRONIZING PLAYERS CONNECTED
SYNCHRONIZING PLAYERS CONNECTED
SYNCHRONIZING PLAYERS CONNECTED
SYNCHRONIZING PLAYERS CONNECTED
SYNCHRONIZING PLAYERS CONNECTED
SYNCHRONIZING PLAYERS CONNECTED
SYNCHRONIZING PLAYERS CONNECTED
SYNCHRONIZING PLAYERS CONNECTED
SYNCHRONIZING PLAYERS CONNECTED
SYNCHRONIZING PLAYERS CONNECTED
SYNCHRONIZING PLAYERS CONNECTED
SYNCHRONIZING PLAYERS CONNECTED
SYNCHRONIZING PLAYERS CONNECTED
SYNCHRONIZING PLAYERS CONNECTED
SYNCHRONIZING PLAYERS CONNECTED
SYNCHRONIZING PLAYERS CONNECTED
SYNCHRONIZING PLAYERS CONNECTED
SYNCHRONIZING PLAYERS CONNECTED
SYNCHRONIZING PLAYERS CONNECTED
SYNCHRONIZING PLAYERS CONNECTED
SYNCHRONIZING PLAYERS CONNECTED
SYNCHRONIZING PLAYERS CONNECTED
SYNCHRONIZING PLAYERS CONNECTED
SYNCHRONIZING PLAYERS CONNECTED
SYNCHRONIZING PLAYERS CONNECTED
SYNCHRONIZING PLAYERS CONNECTED
SYNCHRONIZING PLAYERS CONNECTED
SYNCHRONIZING PLAYERS CONNECTED
SYNCHRONIZING PLAYERS CONNECTED
SYNCHRONIZING PLAYERS CONNECTED
SYNCHRONIZING PLAYERS CONNECTED
SYNCHRONIZING PLAYERS CONNECTED
SYNCHRONIZING PLAYERS CONNECTED
SYNCHRONIZING PLAYERS CONNECTED
SYNCHRONIZING PLAYERS CONNECTED
SYNCHRONIZING PLAYERS CONNECTED
SYNCHRONIZING PLAYERS CONNECTED
SYNCHRONIZING PLAYERS CONNECTED
SYNCHRONIZING PLAYERS CONNECTED
SYNCHRONIZING PLAYERS CONNECTED
SYNCHRONIZING PLAYERS CONNECTED
SYNCHRONIZING PLAYERS CONNECTED
SYNCHRONIZING PLAYERS CONNECTED
SYNCHRONIZING PLAYERS CONNECTED
SYNCHRONIZING PLAYERS CONNECTED
SYNCHRONIZING PLAYERS CONNECTED
SYNCHRONIZING PLAYERS CONNECTED
SYNCHRONIZING PLAYERS CONNECTED
SYNCHRONIZING PLAYERS CONNECTED
SYNCHRONIZING PLAYERS CONNECTED
SYNCHRONIZING PLAYERS CONNECTED
SYNCHRONIZING PLAYERS CONNECTED
SYNCHRONIZING PLAYERS CONNECTED
SYNCHRONIZING PLAYERS CONNECTED
SYNCHRONIZING PLAYERS CONNECTED
SYNCHRONIZING PLAYERS CONNECTED
SYNCHRONIZING PLAYERS CONNECTED
SYNCHRONIZING PLAYERS CONNECTED
SYNCHRONIZING PLAYERS CONNECTED
SYNCHRONIZING PLAYERS CONNECTED
SYNCHRONIZING PLAYERS CONNECTED
SYNCHRONIZING PLAYERS CONNECTED
SYNCHRONIZING PLAYERS CONNECTED
SYNCHRONIZING PLAYERS CONNECTED
SYNCHRONIZING PLAYERS CONNECTED
SYNCHRONIZING PLAYERS CONNECTED
SYNCHRONIZING PLAYERS CONNECTED
SYNCHRONIZING PLAYERS CONNECTED
SYNCHRONIZING PLAYERS CONNECTED
SYNCHRONIZING PLAYERS CONNECTED
SYNCHRONIZING PLAYERS CONNECTED
SYNCHRONIZING PLAYERS CONNECTED
SYNCHRONIZING PLAYERS CONNECTED
SYNCHRONIZING PLAYERS CONNECTED
SYNCHRONIZING PLAYERS CONNECTED
SYNCHRONIZING PLAYERS CONNECTED
SYNCHRONIZING PLAYERS CONNECTED
SYNCHRONIZING PLAYERS CONNECTED
SYNCHRONIZING PLAYERS CONNECTED
SYNCHRONIZING PLAYERS CONNECTED
SYNCHRONIZING PLAYERS CONNECTED
SYNCHRONIZING PLAYERS CONNECTED
SYNCHRONIZING PLAYERS CONNECTED
SYNCHRONIZING PLAYERS CONNECTED
SYNCHRONIZING PLAYERS CONNECTED
SYNCHRONIZING PLAYERS CONNECTED
SYNCHRONIZING PLAYERS CONNECTED
SYNCHRONIZING PLAYERS CONNECTED
SYNCHRONIZING PLAYERS CONNECTED
SYNCHRONIZING PLAYERS CONNECTED
SYNCHRONIZING PLAYERS CONNECTED
SYNCHRONIZING PLAYERS CONNECTED
SYNCHRONIZING PLAYERS CONNECTED
SYNCHRONIZING PLAYERS CONNECTED
SYNCHRONIZING PLAYERS CONNECTED
SYNCHRONIZING PLAYERS CONNECTED
SYNCHRONIZING PLAYERS CONNECTED
SYNCHRONIZING PLAYERS CONNECTED
SYNCHRONIZING PLAYERS CONNECTED
SYNCHRONIZING PLAYERS CONNECTED
SYNCHRONIZING PLAYERS CONNECTED
SYNCHRONIZING PLAYERS CONNECTED
SYNCHRONIZING PLAYERS CONNECTED
SYNCHRONIZING PLAYERS CONNECTED
SYNCHRONIZING PLAYERS CONNECTED
SYNCHRONIZING PLAYERS CONNECTED
SYNCHRONIZING PLAYERS CONNECTED
SYNCHRONIZING PLAYERS CONNECTED
SYNCHRONIZING PLAYERS CONNECTED
SYNCHRONIZING PLAYERS CONNECTED
SYNCHRONIZING PLAYERS CONNECTED
SYNCHRONIZING PLAYERS CONNECTED
SYNCHRONIZING PLAYERS CONNECTED
SYNCHRONIZING PLAYERS CONNECTED
SYNCHRONIZING PLAYERS CONNECTED
SYNCHRONIZING PLAYERS CONNECTED
SYNCHRONIZING PLAYERS CONNECTED
SYNCHRONIZING PLAYERS CONNECTED
SYNCHRONIZING PLAYERS CONNECTED
SYNCHRONIZING PLAYERS CONNECTED
SYNCHRONIZING PLAYERS CONNECTED
SYNCHRONIZING PLAYERS CONNECTED
SYNCHRONIZING PLAYERS CONNECTED
SYNCHRONIZING PLAYERS CONNECTED
SYNCHRONIZING PLAYERS CONNECTED
SYNCHRONIZING PLAYERS CONNECTED
SYNCHRONIZING PLAYERS CONNECTED
SYNCHRONIZING PLAYERS CONNECTED
SYNCHRONIZING PLAYERS CONNECTED
SYNCHRONIZING PLAYERS CONNECTED
SYNCHRONIZING PLAYERS CONNECTED
SYNCHRONIZING PLAYERS CONNECTED
SYNCHRONIZING PLAYERS CONNECTED
SYNCHRONIZING PLAYERS CONNECTED
SYNCHRONIZING PLAYERS CONNECTED
SYNCHRONIZING PLAYERS CONNECTED
SYNCHRONIZING PLAYERS CONNECTED
SYNCHRONIZING PLAYERS CONNECTED
SYNCHRONIZING PLAYERS CONNECTED
SYNCHRONIZING PLAYERS CONNECTED
SYNCHRONIZING PLAYERS CONNECTED
SYNCHRONIZING PLAYERS CONNECTED
SYNCHRONIZING PLAYERS CONNECTED
SYNCHRONIZING PLAYERS CONNECTED
SYNCHRONIZING PLAYERS CONNECTED
SYNCHRONIZING PLAYERS CONNECTED
SYNCHRONIZING PLAYERS CONNECTED
SYNCHRONIZING PLAYERS CONNECTED
SYNCHRONIZING PLAYERS CONNECTED
SYNCHRONIZING PLAYERS CONNECTED
SYNCHRONIZING PLAYERS CONNECTED
SYNCHRONIZING PLAYERS CONNECTED
SYNCHRONIZING PLAYERS CONNECTED
SYNCHRONIZING PLAYERS CONNECTED
SYNCHRONIZING PLAYERS CONNECTED
SYNCHRONIZING PLAYERS CONNECTED
SYNCHRONIZING PLAYERS CONNECTED
SYNCHRONIZING PLAYERS CONNECTED
SYNCHRONIZING PLAYERS CONNECTED
SYNCHRONIZING PLAYERS CONNECTED
SYNCHRONIZING PLAYERS CONNECTED
SYNCHRONIZING PLAYERS CONNECTED
SYNCHRONIZING PLAYERS CONNECTED
SYNCHRONIZING PLAYERS CONNECTED
SYNCHRONIZING PLAYERS CONNECTED
SYNCHRONIZING PLAYERS CONNECTED
SYNCHRONIZING PLAYERS CONNECTED
SYNCHRONIZING PLAYERS CONNECTED
SYNCHRONIZING PLAYERS CONNECTED
SYNCHRONIZING PLAYERS CONNECTED
SYNCHRONIZING PLAYERS CONNECTED
SYNCHRONIZING PLAYERS CONNECTED
SYNCHRONIZING PLAYERS CONNECTED
SYNCHRONIZING PLAYERS CONNECTED
SYNCHRONIZING PLAYERS CONNECTED
SYNCHRONIZING PLAYERS CONNECTED
SYNCHRONIZING PLAYERS CONNECTED
SYNCHRONIZING PLAYERS CONNECTED
SYNCHRONIZING PLAYERS CONNECTED
SYNCHRONIZING PLAYERS CONNECTED
SYNCHRONIZING PLAYERS CONNECTED
SYNCHRONIZING PLAYERS CONNECTED
SYNCHRONIZING PLAYERS CONNECTED
SYNCHRONIZING PLAYERS CONNECTED
SYNCHRONIZING PLAYERS CONNECTED
SYNCHRONIZING PLAYERS CONNECTED
SYNCHRONIZING PLAYERS CONNECTED
SYNCHRONIZING PLAYERS CONNECTED
SYNCHRONIZING PLAYERS CONNECTED
SYNCHRONIZING PLAYERS CONNECTED
SYNCHRONIZING PLAYERS CONNECTED
SYNCHRONIZING PLAYERS CONNECTED
SYNCHRONIZING PLAYERS CONNECTED
SYNCHRONIZING PLAYERS CONNECTED
SYNCHRONIZING PLAYERS CONNECTED
SYNCHRONIZING PLAYERS CONNECTED
SYNCHRONIZING PLAYERS CONNECTED
SYNCHRONIZING PLAYERS CONNECTED
SYNCHRONIZING PLAYERS CONNECTED
SYNCHRONIZING PLAYERS CONNECTED
SYNCHRONIZING PLAYERS CONNECTED
SYNCHRONIZING PLAYERS CONNECTED
SYNCHRONIZING PLAYERS CONNECTED
SYNCHRONIZING PLAYERS CONNECTED
SYNCHRONIZING PLAYERS CONNECTED
SYNCHRONIZING PLAYERS CONNECTED
SYNCHRONIZING PLAYERS CONNECTED
SYNCHRONIZING PLAYERS CONNECTED
SYNCHRONIZING PLAYERS CONNECTED
SYNCHRONIZING PLAYERS CONNECTED
SYNCHRONIZING PLAYERS CONNECTED
SYNCHRONIZING PLAYERS CONNECTED
SYNCHRONIZING PLAYERS CONNECTED
SYNCHRONIZING PLAYERS CONNECTED
SYNCHRONIZING PLAYERS CONNECTED
SYNCHRONIZING PLAYERS CONNECTED
SYNCHRONIZING PLAYERS CONNECTED
SYNCHRONIZING PLAYERS CONNECTED
SYNCHRONIZING PLAYERS CONNECTED
SYNCHRONIZING PLAYERS CONNECTED
SYNCHRONIZING PLAYERS CONNECTED
SYNCHRONIZING PLAYERS CONNECTED
SYNCHRONIZING PLAYERS CONNECTED
SYNCHRONIZING PLAYERS CONNECTED
SYNCHRONIZING PLAYERS CONNECTED
SYNCHRONIZING PLAYERS CONNECTED
SYNCHRONIZING PLAYERS CONNECTED
SYNCHRONIZING PLAYERS CONNECTED
SYNCHRONIZING PLAYERS CONNECTED
SYNCHRONIZING PLAYERS CONNECTED
SYNCHRONIZING PLAYERS CONNECTED
SYNCHRONIZING PLAYERS CONNECTED
SYNCHRONIZING PLAYERS CONNECTED
SYNCHRONIZING PLAYERS CONNECTED
SYNCHRONIZING PLAYERS CONNECTED
SYNCHRONIZING PLAYERS CONNECTED
SYNCHRONIZING PLAYERS CONNECTED
SYNCHRONIZING PLAYERS CONNECTED
SYNCHRONIZING PLAYERS CONNECTED
SYNCHRONIZING PLAYERS CONNECTED
SYNCHRONIZING PLAYERS CONNECTED
SYNCHRONIZING PLAYERS CONNECTED
SYNCHRONIZING PLAYERS CONNECTED
SYNCHRONIZING PLAYERS CONNECTED
SYNCHRONIZING PLAYERS CONNECTED
SYNCHRONIZING PLAYERS CONNECTED
SYNCHRONIZING PLAYERS CONNECTED
SYNCHRONIZING PLAYERS CONNECTED
SYNCHRONIZING PLAYERS CONNECTED
SYNCHRONIZING PLAYERS CONNECTED
SYNCHRONIZING PLAYERS CONNECTED
SYNCHRONIZING PLAYERS CONNECTED
SYNCHRONIZING PLAYERS CONNECTED
SYNCHRONIZING PLAYERS CONNECTED
SYNCHRONIZING PLAYERS CONNECTED
SYNCHRONIZING PLAYERS CONNECTED
SYNCHRONIZING PLAYERS CONNECTED
SYNCHRONIZING PLAYERS CONNECTED
SYNCHRONIZING PLAYERS CONNECTED
SYNCHRONIZING PLAYERS CONNECTED
SYNCHRONIZING PLAYERS CONNECTED
SYNCHRONIZING PLAYERS CONNECTED
SYNCHRONIZING PLAYERS CONNECTED
SYNCHRONIZING PLAYERS CONNECTED
SYNCHRONIZING PLAYERS CONNECTED
SYNCHRONIZING PLAYERS CONNECTED
SYNCHRONIZING PLAYERS CONNECTED
SYNCHRONIZING PLAYERS CONNECTED
SYNCHRONIZING PLAYERS CONNECTED
SYNCHRONIZING PLAYERS CONNECTED
SYNCHRONIZING PLAYERS CONNECTED
SYNCHRONIZING PLAYERS CONNECTED
SYNCHRONIZING PLAYERS CONNECTED
SYNCHRONIZING PLAYERS CONNECTED
SYNCHRONIZING PLAYERS CONNECTED
SYNCHRONIZING PLAYERS CONNECTED
SYNCHRONIZING PLAYERS CONNECTED
SYNCHRONIZING PLAYERS CONNECTED
SYNCHRONIZING PLAYERS CONNECTED
SYNCHRONIZING PLAYERS CONNECTED
SYNCHRONIZING PLAYERS CONNECTED
SYNCHRONIZING PLAYERS CONNECTED
SYNCHRONIZING PLAYERS CONNECTED
SYNCHRONIZING PLAYERS CONNECTED
SYNCHRONIZING PLAYERS CONNECTED
SYNCHRONIZING PLAYERS CONNECTED
SYNCHRONIZING PLAYERS CONNECTED
SYNCHRONIZING PLAYERS CONNECTED
SYNCHRONIZING PLAYERS CONNECTED
SYNCHRONIZING PLAYERS CONNECTED
SYNCHRONIZING PLAYERS CONNECTED
SYNCHRONIZING PLAYERS CONNECTED
SYNCHRONIZING PLAYERS CONNECTED
SYNCHRONIZING PLAYERS CONNECTED
SYNCHRONIZING PLAYERS CONNECTED
SYNCHRONIZING PLAYERS CONNECTED
SYNCHRONIZING PLAYERS CONNECTED
SYNCHRONIZING PLAYERS CONNECTED
SYNCHRONIZING PLAYERS CONNECTED
SYNCHRONIZING PLAYERS CONNECTED
SYNCHRONIZING PLAYERS CONNECTED
SYNCHRONIZING PLAYERS CONNECTED
SYNCHRONIZING PLAYERS CONNECTED
SYNCHRONIZING PLAYERS CONNECTED
SYNCHRONIZING PLAYERS CONNECTED
SYNCHRONIZING PLAYERS CONNECTED
SYNCHRONIZING PLAYERS CONNECTED
SYNCHRONIZING PLAYERS CONNECTED
SYNCHRONIZING PLAYERS CONNECTED
SYNCHRONIZING PLAYERS CONNECTED
SYNCHRONIZING PLAYERS CONNECTED
SYNCHRONIZING PLAYERS CONNECTED
SYNCHRONIZING PLAYERS CONNECTED
SYNCHRONIZING PLAYERS CONNECTED
SYNCHRONIZING PLAYERS CONNECTED
SYNCHRONIZING PLAYERS CONNECTED
SYNCHRONIZING PLAYERS CONNECTED
SYNCHRONIZING PLAYERS CONNECTED
SYNCHRONIZING PLAYERS CONNECTED
SYNCHRONIZING PLAYERS CONNECTED
SYNCHRONIZING PLAYERS CONNECTED
SYNCHRONIZING PLAYERS CONNECTED
SYNCHRONIZING PLAYERS CONNECTED
SYNCHRONIZING PLAYERS CONNECTED
SYNCHRONIZING PLAYERS CONNECTED
SYNCHRONIZING PLAYERS CONNECTED
SYNCHRONIZING PLAYERS CONNECTED
SYNCHRONIZING PLAYERS CONNECTED
SYNCHRONIZING PLAYERS CONNECTED
SYNCHRONIZING PLAYERS CONNECTED
SYNCHRONIZING PLAYERS CONNECTED
SYNCHRONIZING PLAYERS CONNECTED
SYNCHRONIZING PLAYERS CONNECTED
SYNCHRONIZING PLAYERS CONNECTED
SYNCHRONIZING PLAYERS CONNECTED
SYNCHRONIZING PLAYERS CONNECTED
SYNCHRONIZING PLAYERS CONNECTED
SYNCHRONIZING PLAYERS CONNECTED
SYNCHRONIZING PLAYERS CONNECTED
SYNCHRONIZING PLAYERS CONNECTED
SYNCHRONIZING PLAYERS CONNECTED
SYNCHRONIZING PLAYERS CONNECTED
SYNCHRONIZING PLAYERS CONNECTED
