create table users (username VARCHAR(20), userhash real, password VARCHAR(32), hat0 TEXT, helmet0 TEXT, torso0 TEXT, shoulder0 TEXT, forearm0 TEXT, leg0 TEXT, shin0 TEXT, foot0 TEXT, prop0 TEXT, hat1 TEXT, helmet1 TEXT, torso1 TEXT, shoulder1 TEXT, forearm1 TEXT, leg1 TEXT, shin1 TEXT, foot1 TEXT, prop1 TEXT, hat2 TEXT, helmet2 TEXT, torso2 TEXT, shoulder2 TEXT, forearm2 TEXT, leg2 TEXT, shin2 TEXT, foot2 TEXT, prop2 TEXT, hat3 TEXT, helmet3 TEXT, torso3 TEXT, shoulder3 TEXT, forearm3 TEXT, leg3 TEXT, shin3 TEXT, foot3 TEXT, prop3 TEXT, hat4 TEXT, helmet4 TEXT, torso4 TEXT, shoulder4 TEXT, forearm4 TEXT, leg4 TEXT, shin4 TEXT, foot4 TEXT, prop4 TEXT, hat5 TEXT, helmet5 TEXT, torso5 TEXT, shoulder5 TEXT, forearm5 TEXT, leg5 TEXT, shin5 TEXT, foot5 TEXT, prop5 TEXT, hat6 TEXT, helmet6 TEXT, torso6 TEXT, shoulder6 TEXT, forearm6 TEXT, leg6 TEXT, shin6 TEXT, foot6 TEXT, prop6 TEXT, hat7 TEXT, helmet7 TEXT, torso7 TEXT, shoulder7 TEXT, forearm7 TEXT, leg7 TEXT, shin7 TEXT, foot7 TEXT, prop7 TEXT, hat8 TEXT, helmet8 TEXT, torso8 TEXT, shoulder8 TEXT, forearm8 TEXT, leg8 TEXT, shin8 TEXT, foot8 TEXT, prop8 TEXT, hat9 TEXT, helmet9 TEXT, torso9 TEXT, shoulder9 TEXT, forearm9 TEXT, leg9 TEXT, shin9 TEXT, foot9 TEXT, prop9 TEXT, hat10 TEXT, helmet10 TEXT, torso10 TEXT, shoulder10 TEXT, forearm10 TEXT, leg10 TEXT, shin10 TEXT, foot10 TEXT, prop10 TEXT, hat11 TEXT, helmet11 TEXT, torso11 TEXT, shoulder11 TEXT, forearm11 TEXT, leg11 TEXT, shin11 TEXT, foot11 TEXT, prop11 TEXT, hat12 TEXT, helmet12 TEXT, torso12 TEXT, shoulder12 TEXT, forearm12 TEXT, leg12 TEXT, shin12 TEXT, foot12 TEXT, prop12 TEXT);
CONNECTED to griefer database, as id: 110

Recalculating TRUE SKILL + GLOBAL RANKINGS
Calculated kyle's True Skill: 385
Calculated marcel's True Skill: 1720
Calculated titties's True Skill: 10
Calculated Tent Chicken's True Skill: 0
Calculated blah's True Skill: 0
Calculated bitties's True Skill: 0
Calculated sack oil's True Skill: 0
Calculated butt cake's True Skill: 0
Calculated sog hog's True Skill: 0
Calculated balls on the face's True Skill: 0
Calculated kyel's True Skill: 0
Calculated Mature Love Treason's True Skill: 91
Calculated See-Through College's True Skill: 10
Calculated marcel's Global Rank: 1
UPDATE stats set true_skill=1720, global_rank=1 WHERE username='marcel'
Calculated kyle's Global Rank: 2
UPDATE stats set true_skill=385, global_rank=2 WHERE username='kyle'
Calculated Mature Love Treason's Global Rank: 3
UPDATE stats set true_skill=91, global_rank=3 WHERE username='Mature Love Treason'
Calculated See-Through College's Global Rank: 4
UPDATE stats set true_skill=10, global_rank=4 WHERE username='See-Through College'
Calculated titties's Global Rank: 4
UPDATE stats set true_skill=10, global_rank=4 WHERE username='titties'
Calculated bitties's Global Rank: 5
UPDATE stats set true_skill=0, global_rank=5 WHERE username='bitties'
Calculated blah's Global Rank: 5
UPDATE stats set true_skill=0, global_rank=5 WHERE username='blah'
Calculated butt cake's Global Rank: 5
UPDATE stats set true_skill=0, global_rank=5 WHERE username='butt cake'
Calculated sog hog's Global Rank: 5
UPDATE stats set true_skill=0, global_rank=5 WHERE username='sog hog'
Calculated balls on the face's Global Rank: 5
UPDATE stats set true_skill=0, global_rank=5 WHERE username='balls on the face'
Calculated kyel's Global Rank: 5
UPDATE stats set true_skill=0, global_rank=5 WHERE username='kyel'
Calculated Tent Chicken's Global Rank: 5
UPDATE stats set true_skill=0, global_rank=5 WHERE username='Tent Chicken'
Calculated sack oil's Global Rank: 5
UPDATE stats set true_skill=0, global_rank=5 WHERE username='sack oil'

Recalculating TRUE SKILL + GLOBAL RANKINGS
Calculated kyle's True Skill: 385
Calculated marcel's True Skill: 1720
Calculated titties's True Skill: 10
Calculated Tent Chicken's True Skill: 0
Calculated blah's True Skill: 0
Calculated bitties's True Skill: 0
Calculated sack oil's True Skill: 0
Calculated butt cake's True Skill: 0
Calculated sog hog's True Skill: 0
Calculated balls on the face's True Skill: 0
Calculated kyel's True Skill: 0
Calculated Mature Love Treason's True Skill: 91
Calculated See-Through College's True Skill: 10
Calculated marcel's Global Rank: 1
UPDATE stats set true_skill=1720, global_rank=1 WHERE username='marcel'
Calculated kyle's Global Rank: 2
UPDATE stats set true_skill=385, global_rank=2 WHERE username='kyle'
Calculated Mature Love Treason's Global Rank: 3
UPDATE stats set true_skill=91, global_rank=3 WHERE username='Mature Love Treason'
Calculated See-Through College's Global Rank: 4
UPDATE stats set true_skill=10, global_rank=4 WHERE username='See-Through College'
Calculated titties's Global Rank: 4
UPDATE stats set true_skill=10, global_rank=4 WHERE username='titties'
Calculated bitties's Global Rank: 5
UPDATE stats set true_skill=0, global_rank=5 WHERE username='bitties'
Calculated blah's Global Rank: 5
UPDATE stats set true_skill=0, global_rank=5 WHERE username='blah'
Calculated butt cake's Global Rank: 5
UPDATE stats set true_skill=0, global_rank=5 WHERE username='butt cake'
Calculated sog hog's Global Rank: 5
UPDATE stats set true_skill=0, global_rank=5 WHERE username='sog hog'
Calculated balls on the face's Global Rank: 5
UPDATE stats set true_skill=0, global_rank=5 WHERE username='balls on the face'
Calculated kyel's Global Rank: 5
UPDATE stats set true_skill=0, global_rank=5 WHERE username='kyel'
Calculated Tent Chicken's Global Rank: 5
UPDATE stats set true_skill=0, global_rank=5 WHERE username='Tent Chicken'
Calculated sack oil's Global Rank: 5
UPDATE stats set true_skill=0, global_rank=5 WHERE username='sack oil'

Recalculating TRUE SKILL + GLOBAL RANKINGS
Calculated kyle's True Skill: 385
Calculated marcel's True Skill: 1720
Calculated titties's True Skill: 10
Calculated Tent Chicken's True Skill: 0
Calculated blah's True Skill: 0
Calculated bitties's True Skill: 0
Calculated sack oil's True Skill: 0
Calculated butt cake's True Skill: 0
Calculated sog hog's True Skill: 0
Calculated balls on the face's True Skill: 0
Calculated kyel's True Skill: 0
Calculated Mature Love Treason's True Skill: 91
Calculated See-Through College's True Skill: 10
Calculated marcel's Global Rank: 1
UPDATE stats set true_skill=1720, global_rank=1 WHERE username='marcel'
Calculated kyle's Global Rank: 2
UPDATE stats set true_skill=385, global_rank=2 WHERE username='kyle'
Calculated Mature Love Treason's Global Rank: 3
UPDATE stats set true_skill=91, global_rank=3 WHERE username='Mature Love Treason'
Calculated See-Through College's Global Rank: 4
UPDATE stats set true_skill=10, global_rank=4 WHERE username='See-Through College'
Calculated titties's Global Rank: 4
UPDATE stats set true_skill=10, global_rank=4 WHERE username='titties'
Calculated bitties's Global Rank: 5
UPDATE stats set true_skill=0, global_rank=5 WHERE username='bitties'
Calculated blah's Global Rank: 5
UPDATE stats set true_skill=0, global_rank=5 WHERE username='blah'
Calculated butt cake's Global Rank: 5
UPDATE stats set true_skill=0, global_rank=5 WHERE username='butt cake'
Calculated sog hog's Global Rank: 5
UPDATE stats set true_skill=0, global_rank=5 WHERE username='sog hog'
Calculated balls on the face's Global Rank: 5
UPDATE stats set true_skill=0, global_rank=5 WHERE username='balls on the face'
Calculated kyel's Global Rank: 5
UPDATE stats set true_skill=0, global_rank=5 WHERE username='kyel'
Calculated Tent Chicken's Global Rank: 5
UPDATE stats set true_skill=0, global_rank=5 WHERE username='Tent Chicken'
Calculated sack oil's Global Rank: 5
UPDATE stats set true_skill=0, global_rank=5 WHERE username='sack oil'
