Master: messaging workers:	sync_version_hash dispatched to worker 1
Master: messaging workers:	sync_version_hash dispatched to worker 2
Master: messaging workers:	sync_version_hash dispatched to worker 3
Master: messaging workers:	sync_version_hash dispatched to worker 4
Master: messaging workers:	sync_version_hash dispatched to worker 5
Master: messaging workers:	sync_version_hash dispatched to worker 6
Master: messaging workers:	sync_version_hash dispatched to worker 7
Master: messaging workers:	sync_version_hash dispatched to worker 8
Master: messaging workers:	sync_version_hash dispatched to worker 1
Master: messaging workers:	sync_version_hash dispatched to worker 2
Master: messaging workers:	sync_version_hash dispatched to worker 3
Master: messaging workers:	sync_version_hash dispatched to worker 4
Master: messaging workers:	sync_version_hash dispatched to worker 5
Master: messaging workers:	sync_version_hash dispatched to worker 6
Master: messaging workers:	sync_version_hash dispatched to worker 7
Master: messaging workers:	sync_version_hash dispatched to worker 8
Master: messaging workers:	reread_tskill dispatched to worker 1
Master: messaging workers:	reread_tskill dispatched to worker 2
Master: messaging workers:	reread_tskill dispatched to worker 3
Master: messaging workers:	reread_tskill dispatched to worker 4
Master: messaging workers:	reread_tskill dispatched to worker 5
Master: messaging workers:	reread_tskill dispatched to worker 6
Master: messaging workers:	reread_tskill dispatched to worker 7
Master: messaging workers:	reread_tskill dispatched to worker 8
Master: messaging workers:	sync_version_hash dispatched to worker 1
Master: messaging workers:	sync_version_hash dispatched to worker 2
Master: messaging workers:	sync_version_hash dispatched to worker 3
Master: messaging workers:	sync_version_hash dispatched to worker 4
Master: messaging workers:	sync_version_hash dispatched to worker 5
Master: messaging workers:	sync_version_hash dispatched to worker 6
Master: messaging workers:	sync_version_hash dispatched to worker 7
Master: messaging workers:	sync_version_hash dispatched to worker 8
Master: messaging workers:	sync_version_hash dispatched to worker 1
Master: messaging workers:	sync_version_hash dispatched to worker 2
Master: messaging workers:	sync_version_hash dispatched to worker 3
Master: messaging workers:	sync_version_hash dispatched to worker 4
Master: messaging workers:	sync_version_hash dispatched to worker 5
Master: messaging workers:	sync_version_hash dispatched to worker 6
Master: messaging workers:	sync_version_hash dispatched to worker 7
Master: messaging workers:	sync_version_hash dispatched to worker 8
Master: messaging workers:	player_join_room dispatched to worker 1
Master: messaging workers:	player_join_room dispatched to worker 2
Master: messaging workers:	player_join_room dispatched to worker 3
Master: messaging workers:	player_join_room dispatched to worker 4
Master: messaging workers:	player_join_room dispatched to worker 5
Master: messaging workers:	player_join_room dispatched to worker 6
Master: messaging workers:	player_join_room dispatched to worker 7
Master: messaging workers:	player_join_room dispatched to worker 8
Master: messaging workers:	fsocket_emit dispatched to worker 1
Master: messaging workers:	fsocket_emit dispatched to worker 2
Master: messaging workers:	fsocket_emit dispatched to worker 3
Master: messaging workers:	fsocket_emit dispatched to worker 4
Master: messaging workers:	fsocket_emit dispatched to worker 5
Master: messaging workers:	fsocket_emit dispatched to worker 6
Master: messaging workers:	fsocket_emit dispatched to worker 7
Master: messaging workers:	fsocket_emit dispatched to worker 8
Master: initialized myTimeout for 50000 ms
Master: initialized myTimeout for 60000 ms
Master: clearing a timeout
Master: initialized myTimeout for 10 ms
Master: clearing a timeout
Master: initialized myTimeout for 10000 ms
Master: [object Object]
Master: messaging workers:	reread_tskill dispatched to worker 1
Master: messaging workers:	reread_tskill dispatched to worker 2
Master: messaging workers:	reread_tskill dispatched to worker 3
Master: messaging workers:	reread_tskill dispatched to worker 4
Master: messaging workers:	reread_tskill dispatched to worker 5
Master: messaging workers:	reread_tskill dispatched to worker 6
Master: messaging workers:	reread_tskill dispatched to worker 7
Master: messaging workers:	reread_tskill dispatched to worker 8
Master: messaging workers:	sync_version_hash dispatched to worker 1
Master: messaging workers:	sync_version_hash dispatched to worker 2
Master: messaging workers:	sync_version_hash dispatched to worker 3
Master: messaging workers:	sync_version_hash dispatched to worker 4
Master: messaging workers:	sync_version_hash dispatched to worker 5
Master: messaging workers:	sync_version_hash dispatched to worker 6
Master: messaging workers:	sync_version_hash dispatched to worker 7
Master: messaging workers:	sync_version_hash dispatched to worker 8
Master: messaging workers:	sync_version_hash dispatched to worker 1
Master: messaging workers:	sync_version_hash dispatched to worker 2
Master: messaging workers:	sync_version_hash dispatched to worker 3
Master: messaging workers:	sync_version_hash dispatched to worker 4
Master: messaging workers:	sync_version_hash dispatched to worker 5
Master: messaging workers:	sync_version_hash dispatched to worker 6
Master: messaging workers:	sync_version_hash dispatched to worker 7
Master: messaging workers:	sync_version_hash dispatched to worker 8
Master: messaging workers:	reread_tskill dispatched to worker 1
Master: messaging workers:	reread_tskill dispatched to worker 2
Master: messaging workers:	reread_tskill dispatched to worker 3
Master: messaging workers:	reread_tskill dispatched to worker 4
Master: messaging workers:	reread_tskill dispatched to worker 5
Master: messaging workers:	reread_tskill dispatched to worker 6
Master: messaging workers:	reread_tskill dispatched to worker 7
Master: messaging workers:	reread_tskill dispatched to worker 8
Master: messaging workers:	sync_version_hash dispatched to worker 1
Master: messaging workers:	sync_version_hash dispatched to worker 2
Master: messaging workers:	sync_version_hash dispatched to worker 3
Master: messaging workers:	sync_version_hash dispatched to worker 4
Master: messaging workers:	sync_version_hash dispatched to worker 5
Master: messaging workers:	sync_version_hash dispatched to worker 6
Master: messaging workers:	sync_version_hash dispatched to worker 7
Master: messaging workers:	sync_version_hash dispatched to worker 8
Master: messaging workers:	sync_version_hash dispatched to worker 1
Master: messaging workers:	sync_version_hash dispatched to worker 2
Master: messaging workers:	sync_version_hash dispatched to worker 3
Master: messaging workers:	sync_version_hash dispatched to worker 4
Master: messaging workers:	sync_version_hash dispatched to worker 5
Master: messaging workers:	sync_version_hash dispatched to worker 6
Master: messaging workers:	sync_version_hash dispatched to worker 7
Master: messaging workers:	sync_version_hash dispatched to worker 8
Master: messaging workers:	reread_tskill dispatched to worker 1
Master: messaging workers:	reread_tskill dispatched to worker 2
Master: messaging workers:	reread_tskill dispatched to worker 3
Master: messaging workers:	reread_tskill dispatched to worker 4
Master: messaging workers:	reread_tskill dispatched to worker 5
Master: messaging workers:	reread_tskill dispatched to worker 6
Master: messaging workers:	reread_tskill dispatched to worker 7
Master: messaging workers:	reread_tskill dispatched to worker 8
Master: messaging workers:	sync_version_hash dispatched to worker 1
Master: messaging workers:	sync_version_hash dispatched to worker 2
Master: messaging workers:	sync_version_hash dispatched to worker 3
Master: messaging workers:	sync_version_hash dispatched to worker 4
Master: messaging workers:	sync_version_hash dispatched to worker 5
Master: messaging workers:	sync_version_hash dispatched to worker 6
Master: messaging workers:	sync_version_hash dispatched to worker 7
Master: messaging workers:	sync_version_hash dispatched to worker 8
Master: messaging workers:	sync_version_hash dispatched to worker 1
Master: messaging workers:	sync_version_hash dispatched to worker 2
Master: messaging workers:	sync_version_hash dispatched to worker 3
Master: messaging workers:	sync_version_hash dispatched to worker 4
Master: messaging workers:	sync_version_hash dispatched to worker 5
Master: messaging workers:	sync_version_hash dispatched to worker 6
Master: messaging workers:	sync_version_hash dispatched to worker 7
Master: messaging workers:	sync_version_hash dispatched to worker 8
Master: messaging workers:	reread_tskill dispatched to worker 1
Master: messaging workers:	reread_tskill dispatched to worker 2
Master: messaging workers:	reread_tskill dispatched to worker 3
Master: messaging workers:	reread_tskill dispatched to worker 4
Master: messaging workers:	reread_tskill dispatched to worker 5
Master: messaging workers:	reread_tskill dispatched to worker 6
Master: messaging workers:	reread_tskill dispatched to worker 7
Master: messaging workers:	reread_tskill dispatched to worker 8
Master: messaging workers:	sync_version_hash dispatched to worker 1
Master: messaging workers:	sync_version_hash dispatched to worker 2
Master: messaging workers:	sync_version_hash dispatched to worker 3
Master: messaging workers:	sync_version_hash dispatched to worker 4
Master: messaging workers:	sync_version_hash dispatched to worker 5
Master: messaging workers:	sync_version_hash dispatched to worker 6
Master: messaging workers:	sync_version_hash dispatched to worker 7
Master: messaging workers:	sync_version_hash dispatched to worker 8
Master: messaging workers:	sync_version_hash dispatched to worker 1
Master: messaging workers:	sync_version_hash dispatched to worker 2
Master: messaging workers:	sync_version_hash dispatched to worker 3
Master: messaging workers:	sync_version_hash dispatched to worker 4
Master: messaging workers:	sync_version_hash dispatched to worker 5
Master: messaging workers:	sync_version_hash dispatched to worker 6
Master: messaging workers:	sync_version_hash dispatched to worker 7
Master: messaging workers:	sync_version_hash dispatched to worker 8
Master: messaging workers:	reread_tskill dispatched to worker 1
Master: messaging workers:	reread_tskill dispatched to worker 2
Master: messaging workers:	reread_tskill dispatched to worker 3
Master: messaging workers:	reread_tskill dispatched to worker 4
Master: messaging workers:	reread_tskill dispatched to worker 5
Master: messaging workers:	reread_tskill dispatched to worker 6
Master: messaging workers:	reread_tskill dispatched to worker 7
Master: messaging workers:	reread_tskill dispatched to worker 8
Master: messaging workers:	sync_version_hash dispatched to worker 1
Master: messaging workers:	sync_version_hash dispatched to worker 2
Master: messaging workers:	sync_version_hash dispatched to worker 3
Master: messaging workers:	sync_version_hash dispatched to worker 4
Master: messaging workers:	sync_version_hash dispatched to worker 5
Master: messaging workers:	sync_version_hash dispatched to worker 6
Master: messaging workers:	sync_version_hash dispatched to worker 7
Master: messaging workers:	sync_version_hash dispatched to worker 8
Master: messaging workers:	sync_version_hash dispatched to worker 1
Master: messaging workers:	sync_version_hash dispatched to worker 2
Master: messaging workers:	sync_version_hash dispatched to worker 3
Master: messaging workers:	sync_version_hash dispatched to worker 4
Master: messaging workers:	sync_version_hash dispatched to worker 5
Master: messaging workers:	sync_version_hash dispatched to worker 6
Master: messaging workers:	sync_version_hash dispatched to worker 7
Master: messaging workers:	sync_version_hash dispatched to worker 8
Master: messaging workers:	reread_tskill dispatched to worker 1
Master: messaging workers:	reread_tskill dispatched to worker 2
Master: messaging workers:	reread_tskill dispatched to worker 3
Master: messaging workers:	reread_tskill dispatched to worker 4
Master: messaging workers:	reread_tskill dispatched to worker 5
Master: messaging workers:	reread_tskill dispatched to worker 6
Master: messaging workers:	reread_tskill dispatched to worker 7
Master: messaging workers:	reread_tskill dispatched to worker 8
Master: messaging workers:	sync_version_hash dispatched to worker 1
Master: messaging workers:	sync_version_hash dispatched to worker 2
Master: messaging workers:	sync_version_hash dispatched to worker 3
Master: messaging workers:	sync_version_hash dispatched to worker 4
Master: messaging workers:	sync_version_hash dispatched to worker 5
Master: messaging workers:	sync_version_hash dispatched to worker 6
Master: messaging workers:	sync_version_hash dispatched to worker 7
Master: messaging workers:	sync_version_hash dispatched to worker 8
Master: messaging workers:	sync_version_hash dispatched to worker 1
Master: messaging workers:	sync_version_hash dispatched to worker 2
Master: messaging workers:	sync_version_hash dispatched to worker 3
Master: messaging workers:	sync_version_hash dispatched to worker 4
Master: messaging workers:	sync_version_hash dispatched to worker 5
Master: messaging workers:	sync_version_hash dispatched to worker 6
Master: messaging workers:	sync_version_hash dispatched to worker 7
Master: messaging workers:	sync_version_hash dispatched to worker 8
Master: messaging workers:	reread_tskill dispatched to worker 1
Master: messaging workers:	reread_tskill dispatched to worker 2
Master: messaging workers:	reread_tskill dispatched to worker 3
Master: messaging workers:	reread_tskill dispatched to worker 4
Master: messaging workers:	reread_tskill dispatched to worker 5
Master: messaging workers:	reread_tskill dispatched to worker 6
Master: messaging workers:	reread_tskill dispatched to worker 7
Master: messaging workers:	reread_tskill dispatched to worker 8
Master: messaging workers:	sync_version_hash dispatched to worker 1
Master: messaging workers:	sync_version_hash dispatched to worker 2
Master: messaging workers:	sync_version_hash dispatched to worker 3
Master: messaging workers:	sync_version_hash dispatched to worker 4
Master: messaging workers:	sync_version_hash dispatched to worker 5
Master: messaging workers:	sync_version_hash dispatched to worker 6
Master: messaging workers:	sync_version_hash dispatched to worker 7
Master: messaging workers:	sync_version_hash dispatched to worker 8
Master: messaging workers:	sync_version_hash dispatched to worker 1
Master: messaging workers:	sync_version_hash dispatched to worker 2
Master: messaging workers:	sync_version_hash dispatched to worker 3
Master: messaging workers:	sync_version_hash dispatched to worker 4
Master: messaging workers:	sync_version_hash dispatched to worker 5
Master: messaging workers:	sync_version_hash dispatched to worker 6
Master: messaging workers:	sync_version_hash dispatched to worker 7
Master: messaging workers:	sync_version_hash dispatched to worker 8
Master: messaging workers:	reread_tskill dispatched to worker 1
Master: messaging workers:	reread_tskill dispatched to worker 2
Master: messaging workers:	reread_tskill dispatched to worker 3
Master: messaging workers:	reread_tskill dispatched to worker 4
Master: messaging workers:	reread_tskill dispatched to worker 5
Master: messaging workers:	reread_tskill dispatched to worker 6
Master: messaging workers:	reread_tskill dispatched to worker 7
Master: messaging workers:	reread_tskill dispatched to worker 8
Master: messaging workers:	sync_version_hash dispatched to worker 1
Master: messaging workers:	sync_version_hash dispatched to worker 2
Master: messaging workers:	sync_version_hash dispatched to worker 3
Master: messaging workers:	sync_version_hash dispatched to worker 4
Master: messaging workers:	sync_version_hash dispatched to worker 5
Master: messaging workers:	sync_version_hash dispatched to worker 6
Master: messaging workers:	sync_version_hash dispatched to worker 7
Master: messaging workers:	sync_version_hash dispatched to worker 8
Master: messaging workers:	sync_version_hash dispatched to worker 1
Master: messaging workers:	sync_version_hash dispatched to worker 2
Master: messaging workers:	sync_version_hash dispatched to worker 3
Master: messaging workers:	sync_version_hash dispatched to worker 4
Master: messaging workers:	sync_version_hash dispatched to worker 5
Master: messaging workers:	sync_version_hash dispatched to worker 6
Master: messaging workers:	sync_version_hash dispatched to worker 7
Master: messaging workers:	sync_version_hash dispatched to worker 8
Master: messaging workers:	reread_tskill dispatched to worker 1
Master: messaging workers:	reread_tskill dispatched to worker 2
Master: messaging workers:	reread_tskill dispatched to worker 3
Master: messaging workers:	reread_tskill dispatched to worker 4
Master: messaging workers:	reread_tskill dispatched to worker 5
Master: messaging workers:	reread_tskill dispatched to worker 6
Master: messaging workers:	reread_tskill dispatched to worker 7
Master: messaging workers:	reread_tskill dispatched to worker 8
Master: messaging workers:	sync_version_hash dispatched to worker 1
Master: messaging workers:	sync_version_hash dispatched to worker 2
Master: messaging workers:	sync_version_hash dispatched to worker 3
Master: messaging workers:	sync_version_hash dispatched to worker 4
Master: messaging workers:	sync_version_hash dispatched to worker 5
Master: messaging workers:	sync_version_hash dispatched to worker 6
Master: messaging workers:	sync_version_hash dispatched to worker 7
Master: messaging workers:	sync_version_hash dispatched to worker 8
Master: messaging workers:	sync_version_hash dispatched to worker 1
Master: messaging workers:	sync_version_hash dispatched to worker 2
Master: messaging workers:	sync_version_hash dispatched to worker 3
Master: messaging workers:	sync_version_hash dispatched to worker 4
Master: messaging workers:	sync_version_hash dispatched to worker 5
Master: messaging workers:	sync_version_hash dispatched to worker 6
Master: messaging workers:	sync_version_hash dispatched to worker 7
Master: messaging workers:	sync_version_hash dispatched to worker 8
Master: messaging workers:	reread_tskill dispatched to worker 1
Master: messaging workers:	reread_tskill dispatched to worker 2
Master: messaging workers:	reread_tskill dispatched to worker 3
Master: messaging workers:	reread_tskill dispatched to worker 4
Master: messaging workers:	reread_tskill dispatched to worker 5
Master: messaging workers:	reread_tskill dispatched to worker 6
Master: messaging workers:	reread_tskill dispatched to worker 7
Master: messaging workers:	reread_tskill dispatched to worker 8
Master: messaging workers:	sync_version_hash dispatched to worker 1
Master: messaging workers:	sync_version_hash dispatched to worker 2
Master: messaging workers:	sync_version_hash dispatched to worker 3
Master: messaging workers:	sync_version_hash dispatched to worker 4
Master: messaging workers:	sync_version_hash dispatched to worker 5
Master: messaging workers:	sync_version_hash dispatched to worker 6
Master: messaging workers:	sync_version_hash dispatched to worker 7
Master: messaging workers:	sync_version_hash dispatched to worker 8
Master: messaging workers:	sync_version_hash dispatched to worker 1
Master: messaging workers:	sync_version_hash dispatched to worker 2
Master: messaging workers:	sync_version_hash dispatched to worker 3
Master: messaging workers:	sync_version_hash dispatched to worker 4
Master: messaging workers:	sync_version_hash dispatched to worker 5
Master: messaging workers:	sync_version_hash dispatched to worker 6
Master: messaging workers:	sync_version_hash dispatched to worker 7
Master: messaging workers:	sync_version_hash dispatched to worker 8
Master: messaging workers:	reread_tskill dispatched to worker 1
Master: messaging workers:	reread_tskill dispatched to worker 2
Master: messaging workers:	reread_tskill dispatched to worker 3
Master: messaging workers:	reread_tskill dispatched to worker 4
Master: messaging workers:	reread_tskill dispatched to worker 5
Master: messaging workers:	reread_tskill dispatched to worker 6
Master: messaging workers:	reread_tskill dispatched to worker 7
Master: messaging workers:	reread_tskill dispatched to worker 8
Master: messaging workers:	sync_version_hash dispatched to worker 1
Master: messaging workers:	sync_version_hash dispatched to worker 2
Master: messaging workers:	sync_version_hash dispatched to worker 3
Master: messaging workers:	sync_version_hash dispatched to worker 4
Master: messaging workers:	sync_version_hash dispatched to worker 5
Master: messaging workers:	sync_version_hash dispatched to worker 6
Master: messaging workers:	sync_version_hash dispatched to worker 7
Master: messaging workers:	sync_version_hash dispatched to worker 8
Master: messaging workers:	sync_version_hash dispatched to worker 1
Master: messaging workers:	sync_version_hash dispatched to worker 2
Master: messaging workers:	sync_version_hash dispatched to worker 3
Master: messaging workers:	sync_version_hash dispatched to worker 4
Master: messaging workers:	sync_version_hash dispatched to worker 5
Master: messaging workers:	sync_version_hash dispatched to worker 6
Master: messaging workers:	sync_version_hash dispatched to worker 7
Master: messaging workers:	sync_version_hash dispatched to worker 8
Master: messaging workers:	reread_tskill dispatched to worker 1
Master: messaging workers:	reread_tskill dispatched to worker 2
Master: messaging workers:	reread_tskill dispatched to worker 3
Master: messaging workers:	reread_tskill dispatched to worker 4
Master: messaging workers:	reread_tskill dispatched to worker 5
Master: messaging workers:	reread_tskill dispatched to worker 6
Master: messaging workers:	reread_tskill dispatched to worker 7
Master: messaging workers:	reread_tskill dispatched to worker 8
Master: messaging workers:	sync_version_hash dispatched to worker 1
Master: messaging workers:	sync_version_hash dispatched to worker 2
Master: messaging workers:	sync_version_hash dispatched to worker 3
Master: messaging workers:	sync_version_hash dispatched to worker 4
Master: messaging workers:	sync_version_hash dispatched to worker 5
Master: messaging workers:	sync_version_hash dispatched to worker 6
Master: messaging workers:	sync_version_hash dispatched to worker 7
Master: messaging workers:	sync_version_hash dispatched to worker 8
Master: messaging workers:	sync_version_hash dispatched to worker 1
Master: messaging workers:	sync_version_hash dispatched to worker 2
Master: messaging workers:	sync_version_hash dispatched to worker 3
Master: messaging workers:	sync_version_hash dispatched to worker 4
Master: messaging workers:	sync_version_hash dispatched to worker 5
Master: messaging workers:	sync_version_hash dispatched to worker 6
Master: messaging workers:	sync_version_hash dispatched to worker 7
Master: messaging workers:	sync_version_hash dispatched to worker 8
Master: messaging workers:	reread_tskill dispatched to worker 1
Master: messaging workers:	reread_tskill dispatched to worker 2
Master: messaging workers:	reread_tskill dispatched to worker 3
Master: messaging workers:	reread_tskill dispatched to worker 4
Master: messaging workers:	reread_tskill dispatched to worker 5
Master: messaging workers:	reread_tskill dispatched to worker 6
Master: messaging workers:	reread_tskill dispatched to worker 7
Master: messaging workers:	reread_tskill dispatched to worker 8
Master: messaging workers:	sync_version_hash dispatched to worker 1
Master: messaging workers:	sync_version_hash dispatched to worker 2
Master: messaging workers:	sync_version_hash dispatched to worker 3
Master: messaging workers:	sync_version_hash dispatched to worker 4
Master: messaging workers:	sync_version_hash dispatched to worker 5
Master: messaging workers:	sync_version_hash dispatched to worker 6
Master: messaging workers:	sync_version_hash dispatched to worker 7
Master: messaging workers:	sync_version_hash dispatched to worker 8
Master: messaging workers:	sync_version_hash dispatched to worker 1
Master: messaging workers:	sync_version_hash dispatched to worker 2
Master: messaging workers:	sync_version_hash dispatched to worker 3
Master: messaging workers:	sync_version_hash dispatched to worker 4
Master: messaging workers:	sync_version_hash dispatched to worker 5
Master: messaging workers:	sync_version_hash dispatched to worker 6
Master: messaging workers:	sync_version_hash dispatched to worker 7
Master: messaging workers:	sync_version_hash dispatched to worker 8
Master: messaging workers:	reread_tskill dispatched to worker 1
Master: messaging workers:	reread_tskill dispatched to worker 2
Master: messaging workers:	reread_tskill dispatched to worker 3
Master: messaging workers:	reread_tskill dispatched to worker 4
Master: messaging workers:	reread_tskill dispatched to worker 5
Master: messaging workers:	reread_tskill dispatched to worker 6
Master: messaging workers:	reread_tskill dispatched to worker 7
Master: messaging workers:	reread_tskill dispatched to worker 8
Master: messaging workers:	sync_version_hash dispatched to worker 1
Master: messaging workers:	sync_version_hash dispatched to worker 2
Master: messaging workers:	sync_version_hash dispatched to worker 3
Master: messaging workers:	sync_version_hash dispatched to worker 4
Master: messaging workers:	sync_version_hash dispatched to worker 5
Master: messaging workers:	sync_version_hash dispatched to worker 6
Master: messaging workers:	sync_version_hash dispatched to worker 7
Master: messaging workers:	sync_version_hash dispatched to worker 8
Master: messaging workers:	sync_version_hash dispatched to worker 1
Master: messaging workers:	sync_version_hash dispatched to worker 2
Master: messaging workers:	sync_version_hash dispatched to worker 3
Master: messaging workers:	sync_version_hash dispatched to worker 4
Master: messaging workers:	sync_version_hash dispatched to worker 5
Master: messaging workers:	sync_version_hash dispatched to worker 6
Master: messaging workers:	sync_version_hash dispatched to worker 7
Master: messaging workers:	sync_version_hash dispatched to worker 8
Master: messaging workers:	reread_tskill dispatched to worker 1
Master: messaging workers:	reread_tskill dispatched to worker 2
Master: messaging workers:	reread_tskill dispatched to worker 3
Master: messaging workers:	reread_tskill dispatched to worker 4
Master: messaging workers:	reread_tskill dispatched to worker 5
Master: messaging workers:	reread_tskill dispatched to worker 6
Master: messaging workers:	reread_tskill dispatched to worker 7
Master: messaging workers:	reread_tskill dispatched to worker 8
Master: messaging workers:	sync_version_hash dispatched to worker 1
Master: messaging workers:	sync_version_hash dispatched to worker 2
Master: messaging workers:	sync_version_hash dispatched to worker 3
Master: messaging workers:	sync_version_hash dispatched to worker 4
Master: messaging workers:	sync_version_hash dispatched to worker 5
Master: messaging workers:	sync_version_hash dispatched to worker 6
Master: messaging workers:	sync_version_hash dispatched to worker 7
Master: messaging workers:	sync_version_hash dispatched to worker 8
Master: messaging workers:	sync_version_hash dispatched to worker 1
Master: messaging workers:	sync_version_hash dispatched to worker 2
Master: messaging workers:	sync_version_hash dispatched to worker 3
Master: messaging workers:	sync_version_hash dispatched to worker 4
Master: messaging workers:	sync_version_hash dispatched to worker 5
Master: messaging workers:	sync_version_hash dispatched to worker 6
Master: messaging workers:	sync_version_hash dispatched to worker 7
Master: messaging workers:	sync_version_hash dispatched to worker 8
Master: messaging workers:	reread_tskill dispatched to worker 1
Master: messaging workers:	reread_tskill dispatched to worker 2
Master: messaging workers:	reread_tskill dispatched to worker 3
Master: messaging workers:	reread_tskill dispatched to worker 4
Master: messaging workers:	reread_tskill dispatched to worker 5
Master: messaging workers:	reread_tskill dispatched to worker 6
Master: messaging workers:	reread_tskill dispatched to worker 7
Master: messaging workers:	reread_tskill dispatched to worker 8
Master: messaging workers:	sync_version_hash dispatched to worker 1
Master: messaging workers:	sync_version_hash dispatched to worker 2
Master: messaging workers:	sync_version_hash dispatched to worker 3
Master: messaging workers:	sync_version_hash dispatched to worker 4
Master: messaging workers:	sync_version_hash dispatched to worker 5
Master: messaging workers:	sync_version_hash dispatched to worker 6
Master: messaging workers:	sync_version_hash dispatched to worker 7
Master: messaging workers:	sync_version_hash dispatched to worker 8
