create table users (username VARCHAR(20), password VARCHAR(32), hat0 TEXT, helmet0 TEXT, torso0 TEXT, shoulder0 TEXT, forearm0 TEXT, leg0 TEXT, shin0 TEXT, foot0 TEXT, prop0 TEXT, hat1 TEXT, helmet1 TEXT, torso1 TEXT, shoulder1 TEXT, forearm1 TEXT, leg1 TEXT, shin1 TEXT, foot1 TEXT, prop1 TEXT, hat2 TEXT, helmet2 TEXT, torso2 TEXT, shoulder2 TEXT, forearm2 TEXT, leg2 TEXT, shin2 TEXT, foot2 TEXT, prop2 TEXT, hat3 TEXT, helmet3 TEXT, torso3 TEXT, shoulder3 TEXT, forearm3 TEXT, leg3 TEXT, shin3 TEXT, foot3 TEXT, prop3 TEXT, hat4 TEXT, helmet4 TEXT, torso4 TEXT, shoulder4 TEXT, forearm4 TEXT, leg4 TEXT, shin4 TEXT, foot4 TEXT, prop4 TEXT, hat5 TEXT, helmet5 TEXT, torso5 TEXT, shoulder5 TEXT, forearm5 TEXT, leg5 TEXT, shin5 TEXT, foot5 TEXT, prop5 TEXT, hat6 TEXT, helmet6 TEXT, torso6 TEXT, shoulder6 TEXT, forearm6 TEXT, leg6 TEXT, shin6 TEXT, foot6 TEXT, prop6 TEXT, hat7 TEXT, helmet7 TEXT, torso7 TEXT, shoulder7 TEXT, forearm7 TEXT, leg7 TEXT, shin7 TEXT, foot7 TEXT, prop7 TEXT, hat8 TEXT, helmet8 TEXT, torso8 TEXT, shoulder8 TEXT, forearm8 TEXT, leg8 TEXT, shin8 TEXT, foot8 TEXT, prop8 TEXT, hat9 TEXT, helmet9 TEXT, torso9 TEXT, shoulder9 TEXT, forearm9 TEXT, leg9 TEXT, shin9 TEXT, foot9 TEXT, prop9 TEXT, hat10 TEXT, helmet10 TEXT, torso10 TEXT, shoulder10 TEXT, forearm10 TEXT, leg10 TEXT, shin10 TEXT, foot10 TEXT, prop10 TEXT, hat11 TEXT, helmet11 TEXT, torso11 TEXT, shoulder11 TEXT, forearm11 TEXT, leg11 TEXT, shin11 TEXT, foot11 TEXT, prop11 TEXT, hat12 TEXT, helmet12 TEXT, torso12 TEXT, shoulder12 TEXT, forearm12 TEXT, leg12 TEXT, shin12 TEXT, foot12 TEXT, prop12 TEXT);
HASHED kyle ---> 3307367
listening on *:8080
CONNECTED to griefer database, as id: 379
SYNCHRONIZING PLAYERS CONNECTED
SYNCHRONIZING PLAYERS CONNECTED
Kyle :: null :: null :: null :: null :: null :: null :: null :: 
Blah :: null :: null :: null :: null :: null :: null :: null :: 
Count Doku :: null :: null :: null :: null :: null :: null :: null :: 
Beavis :: null :: null :: null :: null :: null :: null :: null :: 
ron swanson :: null :: null :: null :: null :: null :: null :: null :: 
Juiced Wookie :: null :: null :: null :: null :: null :: null :: null :: 
Sargent Taxes Donkey :: null :: null :: null :: null :: null :: null :: null :: 
Hashtag Droop :: null :: null :: null :: null :: null :: null :: null :: 
 Donkey Mushrooms :: null :: null :: null :: null :: null :: null :: null :: 
Elderly Pirate Squad :: null :: null :: null :: null :: null :: null :: null :: 
Habitual Bandit :: null :: null :: null :: null :: null :: null :: null :: 
Prince Unicorn :: null :: null :: null :: null :: null :: null :: null :: 
 Hot Dog Trash-Man :: null :: null :: null :: null :: null :: null :: null :: 
Bunch of Chewbaccas :: null :: null :: null :: null :: null :: null :: null :: 
 Cocoon Goat :: null :: null :: null :: null :: null :: null :: null :: 
Touch Librarian Monk :: null :: null :: null :: null :: null :: null :: null :: 
Filthy Mac Daddy :: null :: null :: null :: null :: null :: null :: null :: 
Top-Notch Hog :: null :: null :: null :: null :: null :: null :: null :: 
Killer Lizard :: null :: null :: null :: null :: null :: null :: null :: 
Sexting Biker Gang :: null :: null :: null :: null :: null :: null :: null :: 
swamp ass :: null :: null :: null :: null :: null :: null :: null :: 
 > griefer_stats_raw.txt
SYNCHRONIZING PLAYERS CONNECTED
SYNCHRONIZING PLAYERS CONNECTED


Log File Size: 0.003406 MegaBytes


SYNCHRONIZING PLAYERS CONNECTED
